{"meta": {"format": 3, "version": "7.13.1", "timestamp": "2026-01-14T23:22:48.992524", "branch_coverage": true, "show_contexts": false}, "files": {"src\\__init__.py": {"executed_lines": [3], "summary": {"covered_lines": 1, "num_statements": 1, "percent_covered": 100.0, "percent_covered_display": "100", "missing_lines": 0, "excluded_lines": 0, "percent_statements_covered": 100.0, "percent_statements_covered_display": "100", "num_branches": 0, "num_partial_branches": 0, "covered_branches": 0, "missing_branches": 0, "percent_branches_covered": 100.0, "percent_branches_covered_display": "100"}, "missing_lines": [], "excluded_lines": [], "executed_branches": [], "missing_branches": [], "functions": {"": {"executed_lines": [3], "summary": {"covered_lines": 1, "num_statements": 1, "percent_covered": 100.0, "percent_covered_display": "100", "missing_lines": 0, "excluded_lines": 0, "percent_statements_covered": 100.0, "percent_statements_covered_display": "100", "num_branches": 0, "num_partial_branches": 0, "covered_branches": 0, "missing_branches": 0, "percent_branches_covered": 100.0, "percent_branches_covered_display": "100"}, "missing_lines": [], "excluded_lines": [], "start_line": 1, "executed_branches": [], "missing_branches": []}}, "classes": {"": {"executed_lines": [3], "summary": {"covered_lines": 1, "num_statements": 1, "percent_covered": 100.0, "percent_covered_display": "100", "missing_lines": 0, "excluded_lines": 0, "percent_statements_covered": 100.0, "percent_statements_covered_display": "100", "num_branches": 0, "num_partial_branches": 0, "covered_branches": 0, "missing_branches": 0, "percent_branches_covered": 100.0, "percent_branches_covered_display": "100"}, "missing_lines": [], "excluded_lines": [], "start_line": 1, "executed_branches": [], "missing_branches": []}}}, "src\\api\\__init__.py": {"executed_lines": [], "summary": {"covered_lines": 0, "num_statements": 0, "percent_covered": 100.0, "percent_covered_display": "100", "missing_lines": 0, "excluded_lines": 0, "percent_statements_covered": 100.0, "percent_statements_covered_display": "100", "num_branches": 0, "num_partial_branches": 0, "covered_branches": 0, "missing_branches": 0, "percent_branches_covered": 100.0, "percent_branches_covered_display": "100"}, "missing_lines": [], "excluded_lines": [], "executed_branches": [], "missing_branches": [], "functions": {"": {"executed_lines": [], "summary": {"covered_lines": 0, "num_statements": 0, "percent_covered": 100.0, "percent_covered_display": "100", "missing_lines": 0, "excluded_lines": 0, "percent_statements_covered": 100.0, "percent_statements_covered_display": "100", "num_branches": 0, "num_partial_branches": 0, "covered_branches": 0, "missing_branches": 0, "percent_branches_covered": 100.0, "percent_branches_covered_display": "100"}, "missing_lines": [], "excluded_lines": [], "start_line": 1, "executed_branches": [], "missing_branches": []}}, "classes": {"": {"executed_lines": [], "summary": {"covered_lines": 0, "num_statements": 0, "percent_covered": 100.0, "percent_covered_display": "100", "missing_lines": 0, "excluded_lines": 0, "percent_statements_covered": 100.0, "percent_statements_covered_display": "100", "num_branches": 0, "num_partial_branches": 0, "covered_branches": 0, "missing_branches": 0, "percent_branches_covered": 100.0, "percent_branches_covered_display": "100"}, "missing_lines": [], "excluded_lines": [], "start_line": 1, "executed_branches": [], "missing_branches": []}}}, "src\\api\\v1\\__init__.py": {"executed_lines": [], "summary": {"covered_lines": 0, "num_statements": 0, "percent_covered": 100.0, "percent_covered_display": "100", "missing_lines": 0, "excluded_lines": 0, "percent_statements_covered": 100.0, "percent_statements_covered_display": "100", "num_branches": 0, "num_partial_branches": 0, "covered_branches": 0, "missing_branches": 0, "percent_branches_covered": 100.0, "percent_branches_covered_display": "100"}, "missing_lines": [], "excluded_lines": [], "executed_branches": [], "missing_branches": [], "functions": {"": {"executed_lines": [], "summary": {"covered_lines": 0, "num_statements": 0, "percent_covered": 100.0, "percent_covered_display": "100", "missing_lines": 0, "excluded_lines": 0, "percent_statements_covered": 100.0, "percent_statements_covered_display": "100", "num_branches": 0, "num_partial_branches": 0, "covered_branches": 0, "missing_branches": 0, "percent_branches_covered": 100.0, "percent_branches_covered_display": "100"}, "missing_lines": [], "excluded_lines": [], "start_line": 1, "executed_branches": [], "missing_branches": []}}, "classes": {"": {"executed_lines": [], "summary": {"covered_lines": 0, "num_statements": 0, "percent_covered": 100.0, "percent_covered_display": "100", "missing_lines": 0, "excluded_lines": 0, "percent_statements_covered": 100.0, "percent_statements_covered_display": "100", "num_branches": 0, "num_partial_branches": 0, "covered_branches": 0, "missing_branches": 0, "percent_branches_covered": 100.0, "percent_branches_covered_display": "100"}, "missing_lines": [], "excluded_lines": [], "start_line": 1, "executed_branches": [], "missing_branches": []}}}, "src\\api\\v1\\endpoints\\__init__.py": {"executed_lines": [], "summary": {"covered_lines": 0, "num_statements": 0, "percent_covered": 100.0, "percent_covered_display": "100", "missing_lines": 0, "excluded_lines": 0, "percent_statements_covered": 100.0, "percent_statements_covered_display": "100", "num_branches": 0, "num_partial_branches": 0, "covered_branches": 0, "missing_branches": 0, "percent_branches_covered": 100.0, "percent_branches_covered_display": "100"}, "missing_lines": [], "excluded_lines": [], "executed_branches": [], "missing_branches": [], "functions": {"": {"executed_lines": [], "summary": {"covered_lines": 0, "num_statements": 0, "percent_covered": 100.0, "percent_covered_display": "100", "missing_lines": 0, "excluded_lines": 0, "percent_statements_covered": 100.0, "percent_statements_covered_display": "100", "num_branches": 0, "num_partial_branches": 0, "covered_branches": 0, "missing_branches": 0, "percent_branches_covered": 100.0, "percent_branches_covered_display": "100"}, "missing_lines": [], "excluded_lines": [], "start_line": 1, "executed_branches": [], "missing_branches": []}}, "classes": {"": {"executed_lines": [], "summary": {"covered_lines": 0, "num_statements": 0, "percent_covered": 100.0, "percent_covered_display": "100", "missing_lines": 0, "excluded_lines": 0, "percent_statements_covered": 100.0, "percent_statements_covered_display": "100", "num_branches": 0, "num_partial_branches": 0, "covered_branches": 0, "missing_branches": 0, "percent_branches_covered": 100.0, "percent_branches_covered_display": "100"}, "missing_lines": [], "excluded_lines": [], "start_line": 1, "executed_branches": [], "missing_branches": []}}}, "src\\api\\v1\\endpoints\\activities.py": {"executed_lines": [3, 4, 6, 8, 9, 10, 11, 12, 13, 20, 23, 34, 35, 50, 51, 60, 61, 63, 67, 68, 73, 74, 76, 77, 79, 87, 88, 94, 95, 97, 98, 101, 102, 104, 110, 113, 114, 121, 122, 123, 124, 129, 130, 136, 137, 138, 139, 143, 149, 152, 153, 154, 155, 156, 158, 159, 160, 162, 165, 166, 173, 174, 176, 180, 181, 183, 189, 193, 194, 196, 199, 200, 206, 207, 209, 213, 214, 216, 222, 223], "summary": {"covered_lines": 80, "num_statements": 96, "percent_covered": 79.36507936507937, "percent_covered_display": "79", "missing_lines": 16, "excluded_lines": 0, "percent_statements_covered": 83.33333333333333, "percent_statements_covered_display": "83", "num_branches": 30, "num_partial_branches": 8, "covered_branches": 20, "missing_branches": 10, "percent_branches_covered": 66.66666666666667, "percent_branches_covered_display": "67"}, "missing_lines": [38, 39, 40, 41, 42, 43, 44, 46, 47, 64, 105, 144, 177, 184, 210, 217], "excluded_lines": [], "executed_branches": [[34, 35], [63, 67], [67, 68], [67, 73], [97, 98], [97, 101], [104, 110], [123, 124], [123, 129], [129, 130], [129, 136], [138, 139], [138, 143], [143, 149], [153, 154], [153, 158], [176, 180], [183, 189], [209, 213], [216, 222]], "missing_branches": [[34, 38], [39, 40], [39, 46], [63, 64], [104, 105], [143, 144], [176, 177], [183, 184], [209, 210], [216, 217]], "functions": {"generate_activity_code": {"executed_lines": [34, 35], "summary": {"covered_lines": 2, "num_statements": 11, "percent_covered": 20.0, "percent_covered_display": "20", "missing_lines": 9, "excluded_lines": 0, "percent_statements_covered": 18.181818181818183, "percent_statements_covered_display": "18", "num_branches": 4, "num_partial_branches": 1, "covered_branches": 1, "missing_branches": 3, "percent_branches_covered": 25.0, "percent_branches_covered_display": "25"}, "missing_lines": [38, 39, 40, 41, 42, 43, 44, 46, 47], "excluded_lines": [], "start_line": 23, "executed_branches": [[34, 35]], "missing_branches": [[34, 38], [39, 40], [39, 46]]}, "list_activities": {"executed_lines": [60, 61, 63, 67, 68, 73, 74, 76, 77, 79], "summary": {"covered_lines": 10, "num_statements": 11, "percent_covered": 86.66666666666667, "percent_covered_display": "87", "missing_lines": 1, "excluded_lines": 0, "percent_statements_covered": 90.9090909090909, "percent_statements_covered_display": "91", "num_branches": 4, "num_partial_branches": 1, "covered_branches": 3, "missing_branches": 1, "percent_branches_covered": 75.0, "percent_branches_covered_display": "75"}, "missing_lines": [64], "excluded_lines": [], "start_line": 51, "executed_branches": [[63, 67], [67, 68], [67, 73]], "missing_branches": [[63, 64]]}, "get_activity": {"executed_lines": [94, 95, 97, 98, 101, 102, 104, 110], "summary": {"covered_lines": 8, "num_statements": 9, "percent_covered": 84.61538461538461, "percent_covered_display": "85", "missing_lines": 1, "excluded_lines": 0, "percent_statements_covered": 88.88888888888889, "percent_statements_covered_display": "89", "num_branches": 4, "num_partial_branches": 1, "covered_branches": 3, "missing_branches": 1, "percent_branches_covered": 75.0, "percent_branches_covered_display": "75"}, "missing_lines": [105], "excluded_lines": [], "start_line": 88, "executed_branches": [[97, 98], [97, 101], [104, 110]], "missing_branches": [[104, 105]]}, "create_activity": {"executed_lines": [121, 122, 123, 124, 129, 130, 136, 137, 138, 139, 143, 149, 152, 153, 154, 155, 156, 158, 159, 160, 162], "summary": {"covered_lines": 21, "num_statements": 22, "percent_covered": 93.75, "percent_covered_display": "94", "missing_lines": 1, "excluded_lines": 0, "percent_statements_covered": 95.45454545454545, "percent_statements_covered_display": "95", "num_branches": 10, "num_partial_branches": 1, "covered_branches": 9, "missing_branches": 1, "percent_branches_covered": 90.0, "percent_branches_covered_display": "90"}, "missing_lines": [144], "excluded_lines": [], "start_line": 114, "executed_branches": [[123, 124], [123, 129], [129, 130], [129, 136], [138, 139], [138, 143], [143, 149], [153, 154], [153, 158]], "missing_branches": [[143, 144]]}, "update_activity": {"executed_lines": [173, 174, 176, 180, 181, 183, 189, 193, 194, 196], "summary": {"covered_lines": 10, "num_statements": 12, "percent_covered": 75.0, "percent_covered_display": "75", "missing_lines": 2, "excluded_lines": 0, "percent_statements_covered": 83.33333333333333, "percent_statements_covered_display": "83", "num_branches": 4, "num_partial_branches": 2, "covered_branches": 2, "missing_branches": 2, "percent_branches_covered": 50.0, "percent_branches_covered_display": "50"}, "missing_lines": [177, 184], "excluded_lines": [], "start_line": 166, "executed_branches": [[176, 180], [183, 189]], "missing_branches": [[176, 177], [183, 184]]}, "delete_activity": {"executed_lines": [206, 207, 209, 213, 214, 216, 222, 223], "summary": {"covered_lines": 8, "num_statements": 10, "percent_covered": 71.42857142857143, "percent_covered_display": "71", "missing_lines": 2, "excluded_lines": 0, "percent_statements_covered": 80.0, "percent_statements_covered_display": "80", "num_branches": 4, "num_partial_branches": 2, "covered_branches": 2, "missing_branches": 2, "percent_branches_covered": 50.0, "percent_branches_covered_display": "50"}, "missing_lines": [210, 217], "excluded_lines": [], "start_line": 200, "executed_branches": [[209, 213], [216, 222]], "missing_branches": [[209, 210], [216, 217]]}, "": {"executed_lines": [3, 4, 6, 8, 9, 10, 11, 12, 13, 20, 23, 50, 51, 87, 88, 113, 114, 165, 166, 199, 200], "summary": {"covered_lines": 21, "num_statements": 21, "percent_covered": 100.0, "percent_covered_display": "100", "missing_lines": 0, "excluded_lines": 0, "percent_statements_covered": 100.0, "percent_statements_covered_display": "100", "num_branches": 0, "num_partial_branches": 0, "covered_branches": 0, "missing_branches": 0, "percent_branches_covered": 100.0, "percent_branches_covered_display": "100"}, "missing_lines": [], "excluded_lines": [], "start_line": 1, "executed_branches": [], "missing_branches": []}}, "classes": {"": {"executed_lines": [3, 4, 6, 8, 9, 10, 11, 12, 13, 20, 23, 34, 35, 50, 51, 60, 61, 63, 67, 68, 73, 74, 76, 77, 79, 87, 88, 94, 95, 97, 98, 101, 102, 104, 110, 113, 114, 121, 122, 123, 124, 129, 130, 136, 137, 138, 139, 143, 149, 152, 153, 154, 155, 156, 158, 159, 160, 162, 165, 166, 173, 174, 176, 180, 181, 183, 189, 193, 194, 196, 199, 200, 206, 207, 209, 213, 214, 216, 222, 223], "summary": {"covered_lines": 80, "num_statements": 96, "percent_covered": 79.36507936507937, "percent_covered_display": "79", "missing_lines": 16, "excluded_lines": 0, "percent_statements_covered": 83.33333333333333, "percent_statements_covered_display": "83", "num_branches": 30, "num_partial_branches": 8, "covered_branches": 20, "missing_branches": 10, "percent_branches_covered": 66.66666666666667, "percent_branches_covered_display": "67"}, "missing_lines": [38, 39, 40, 41, 42, 43, 44, 46, 47, 64, 105, 144, 177, 184, 210, 217], "excluded_lines": [], "start_line": 1, "executed_branches": [[34, 35], [63, 67], [67, 68], [67, 73], [97, 98], [97, 101], [104, 110], [123, 124], [123, 129], [129, 130], [129, 136], [138, 139], [138, 143], [143, 149], [153, 154], [153, 158], [176, 180], [183, 189], [209, 213], [216, 222]], "missing_branches": [[34, 38], [39, 40], [39, 46], [63, 64], [104, 105], [143, 144], [176, 177], [183, 184], [209, 210], [216, 217]]}}}, "src\\api\\v1\\endpoints\\auth.py": {"executed_lines": [3, 5, 6, 8, 9, 14, 15, 16, 17, 18, 26, 29, 36, 49, 52, 53, 59, 60, 62, 65, 71, 83, 86, 87, 88, 94, 95, 96, 98, 106, 113, 146, 152, 164, 165, 166, 167, 173, 174, 180, 181, 182, 187, 194, 195, 196, 198, 206, 212, 222], "summary": {"covered_lines": 50, "num_statements": 60, "percent_covered": 80.55555555555556, "percent_covered_display": "81", "missing_lines": 10, "excluded_lines": 0, "percent_statements_covered": 83.33333333333333, "percent_statements_covered_display": "83", "num_branches": 12, "num_partial_branches": 2, "covered_branches": 8, "missing_branches": 4, "percent_branches_covered": 66.66666666666667, "percent_branches_covered_display": "67"}, "missing_lines": [123, 126, 127, 128, 134, 135, 136, 138, 183, 188], "excluded_lines": [], "executed_branches": [[52, 53], [52, 59], [87, 88], [87, 94], [173, 174], [173, 180], [182, 187], [187, 194]], "missing_branches": [[127, 128], [127, 134], [182, 183], [187, 188]], "functions": {"register": {"executed_lines": [49, 52, 53, 59, 60, 62], "summary": {"covered_lines": 6, "num_statements": 6, "percent_covered": 100.0, "percent_covered_display": "100", "missing_lines": 0, "excluded_lines": 0, "percent_statements_covered": 100.0, "percent_statements_covered_display": "100", "num_branches": 2, "num_partial_branches": 0, "covered_branches": 2, "missing_branches": 0, "percent_branches_covered": 100.0, "percent_branches_covered_display": "100"}, "missing_lines": [], "excluded_lines": [], "start_line": 36, "executed_branches": [[52, 53], [52, 59]], "missing_branches": []}, "login": {"executed_lines": [83, 86, 87, 88, 94, 95, 96, 98], "summary": {"covered_lines": 8, "num_statements": 8, "percent_covered": 100.0, "percent_covered_display": "100", "missing_lines": 0, "excluded_lines": 0, "percent_statements_covered": 100.0, "percent_statements_covered_display": "100", "num_branches": 2, "num_partial_branches": 0, "covered_branches": 2, "missing_branches": 0, "percent_branches_covered": 100.0, "percent_branches_covered_display": "100"}, "missing_lines": [], "excluded_lines": [], "start_line": 71, "executed_branches": [[87, 88], [87, 94]], "missing_branches": []}, "login_form": {"executed_lines": [], "summary": {"covered_lines": 0, "num_statements": 8, "percent_covered": 0.0, "percent_covered_display": "0", "missing_lines": 8, "excluded_lines": 0, "percent_statements_covered": 0.0, "percent_statements_covered_display": "0", "num_branches": 2, "num_partial_branches": 0, "covered_branches": 0, "missing_branches": 2, "percent_branches_covered": 0.0, "percent_branches_covered_display": "0"}, "missing_lines": [123, 126, 127, 128, 134, 135, 136, 138], "excluded_lines": [], "start_line": 113, "executed_branches": [], "missing_branches": [[127, 128], [127, 134]]}, "refresh_token": {"executed_lines": [164, 165, 166, 167, 173, 174, 180, 181, 182, 187, 194, 195, 196, 198], "summary": {"covered_lines": 14, "num_statements": 16, "percent_covered": 81.81818181818181, "percent_covered_display": "82", "missing_lines": 2, "excluded_lines": 0, "percent_statements_covered": 87.5, "percent_statements_covered_display": "88", "num_branches": 6, "num_partial_branches": 2, "covered_branches": 4, "missing_branches": 2, "percent_branches_covered": 66.66666666666667, "percent_branches_covered_display": "67"}, "missing_lines": [183, 188], "excluded_lines": [], "start_line": 152, "executed_branches": [[173, 174], [173, 180], [182, 187], [187, 194]], "missing_branches": [[182, 183], [187, 188]]}, "get_current_user_profile": {"executed_lines": [222], "summary": {"covered_lines": 1, "num_statements": 1, "percent_covered": 100.0, "percent_covered_display": "100", "missing_lines": 0, "excluded_lines": 0, "percent_statements_covered": 100.0, "percent_statements_covered_display": "100", "num_branches": 0, "num_partial_branches": 0, "covered_branches": 0, "missing_branches": 0, "percent_branches_covered": 100.0, "percent_branches_covered_display": "100"}, "missing_lines": [], "excluded_lines": [], "start_line": 212, "executed_branches": [], "missing_branches": []}, "": {"executed_lines": [3, 5, 6, 8, 9, 14, 15, 16, 17, 18, 26, 29, 36, 65, 71, 106, 113, 146, 152, 206, 212], "summary": {"covered_lines": 21, "num_statements": 21, "percent_covered": 100.0, "percent_covered_display": "100", "missing_lines": 0, "excluded_lines": 0, "percent_statements_covered": 100.0, "percent_statements_covered_display": "100", "num_branches": 0, "num_partial_branches": 0, "covered_branches": 0, "missing_branches": 0, "percent_branches_covered": 100.0, "percent_branches_covered_display": "100"}, "missing_lines": [], "excluded_lines": [], "start_line": 1, "executed_branches": [], "missing_branches": []}}, "classes": {"": {"executed_lines": [3, 5, 6, 8, 9, 14, 15, 16, 17, 18, 26, 29, 36, 49, 52, 53, 59, 60, 62, 65, 71, 83, 86, 87, 88, 94, 95, 96, 98, 106, 113, 146, 152, 164, 165, 166, 167, 173, 174, 180, 181, 182, 187, 194, 195, 196, 198, 206, 212, 222], "summary": {"covered_lines": 50, "num_statements": 60, "percent_covered": 80.55555555555556, "percent_covered_display": "81", "missing_lines": 10, "excluded_lines": 0, "percent_statements_covered": 83.33333333333333, "percent_statements_covered_display": "83", "num_branches": 12, "num_partial_branches": 2, "covered_branches": 8, "missing_branches": 4, "percent_branches_covered": 66.66666666666667, "percent_branches_covered_display": "67"}, "missing_lines": [123, 126, 127, 128, 134, 135, 136, 138, 183, 188], "excluded_lines": [], "start_line": 1, "executed_branches": [[52, 53], [52, 59], [87, 88], [87, 94], [173, 174], [173, 180], [182, 187], [187, 194]], "missing_branches": [[127, 128], [127, 134], [182, 183], [187, 188]]}}}, "src\\api\\v1\\endpoints\\baselines.py": {"executed_lines": [3, 4, 6, 7, 9, 10, 11, 12, 13, 14, 23, 26, 27, 30, 31, 65, 66, 105, 106, 135, 136, 166, 167, 193, 194, 218, 219, 251, 252, 292, 293], "summary": {"covered_lines": 31, "num_statements": 116, "percent_covered": 20.945945945945947, "percent_covered_display": "21", "missing_lines": 85, "excluded_lines": 0, "percent_statements_covered": 26.724137931034484, "percent_statements_covered_display": "27", "num_branches": 32, "num_partial_branches": 0, "covered_branches": 0, "missing_branches": 32, "percent_branches_covered": 0.0, "percent_branches_covered_display": "0"}, "missing_lines": [45, 46, 47, 48, 50, 51, 53, 54, 56, 80, 81, 82, 83, 88, 89, 99, 100, 102, 118, 119, 121, 122, 124, 127, 128, 129, 130, 132, 148, 149, 151, 152, 155, 156, 157, 158, 160, 161, 163, 177, 178, 180, 181, 183, 184, 189, 190, 206, 207, 209, 210, 212, 213, 215, 229, 230, 232, 233, 235, 236, 241, 242, 243, 245, 246, 248, 269, 274, 275, 277, 278, 280, 281, 286, 287, 289, 304, 305, 306, 307, 309, 310, 312, 313, 315], "excluded_lines": [], "executed_branches": [], "missing_branches": [[47, 48], [47, 50], [82, 83], [82, 88], [121, 122], [121, 124], [127, 128], [127, 132], [151, 152], [151, 155], [156, 157], [156, 160], [157, 158], [157, 160], [180, 181], [180, 183], [183, 184], [183, 189], [209, 210], [209, 212], [232, 233], [232, 235], [235, 236], [235, 241], [277, 278], [277, 280], [280, 281], [280, 286], [306, 307], [306, 309], [312, 313], [312, 315]], "functions": {"list_baselines": {"executed_lines": [], "summary": {"covered_lines": 0, "num_statements": 9, "percent_covered": 0.0, "percent_covered_display": "0", "missing_lines": 9, "excluded_lines": 0, "percent_statements_covered": 0.0, "percent_statements_covered_display": "0", "num_branches": 2, "num_partial_branches": 0, "covered_branches": 0, "missing_branches": 2, "percent_branches_covered": 0.0, "percent_branches_covered_display": "0"}, "missing_lines": [45, 46, 47, 48, 50, 51, 53, 54, 56], "excluded_lines": [], "start_line": 31, "executed_branches": [], "missing_branches": [[47, 48], [47, 50]]}, "create_baseline": {"executed_lines": [], "summary": {"covered_lines": 0, "num_statements": 9, "percent_covered": 0.0, "percent_covered_display": "0", "missing_lines": 9, "excluded_lines": 0, "percent_statements_covered": 0.0, "percent_statements_covered_display": "0", "num_branches": 2, "num_partial_branches": 0, "covered_branches": 0, "missing_branches": 2, "percent_branches_covered": 0.0, "percent_branches_covered_display": "0"}, "missing_lines": [80, 81, 82, 83, 88, 89, 99, 100, 102], "excluded_lines": [], "start_line": 66, "executed_branches": [], "missing_branches": [[82, 83], [82, 88]]}, "get_baseline": {"executed_lines": [], "summary": {"covered_lines": 0, "num_statements": 10, "percent_covered": 0.0, "percent_covered_display": "0", "missing_lines": 10, "excluded_lines": 0, "percent_statements_covered": 0.0, "percent_statements_covered_display": "0", "num_branches": 4, "num_partial_branches": 0, "covered_branches": 0, "missing_branches": 4, "percent_branches_covered": 0.0, "percent_branches_covered_display": "0"}, "missing_lines": [118, 119, 121, 122, 124, 127, 128, 129, 130, 132], "excluded_lines": [], "start_line": 106, "executed_branches": [], "missing_branches": [[121, 122], [121, 124], [127, 128], [127, 132]]}, "update_baseline": {"executed_lines": [], "summary": {"covered_lines": 0, "num_statements": 11, "percent_covered": 0.0, "percent_covered_display": "0", "missing_lines": 11, "excluded_lines": 0, "percent_statements_covered": 0.0, "percent_statements_covered_display": "0", "num_branches": 6, "num_partial_branches": 0, "covered_branches": 0, "missing_branches": 6, "percent_branches_covered": 0.0, "percent_branches_covered_display": "0"}, "missing_lines": [148, 149, 151, 152, 155, 156, 157, 158, 160, 161, 163], "excluded_lines": [], "start_line": 136, "executed_branches": [], "missing_branches": [[151, 152], [151, 155], [156, 157], [156, 160], [157, 158], [157, 160]]}, "delete_baseline": {"executed_lines": [], "summary": {"covered_lines": 0, "num_statements": 8, "percent_covered": 0.0, "percent_covered_display": "0", "missing_lines": 8, "excluded_lines": 0, "percent_statements_covered": 0.0, "percent_statements_covered_display": "0", "num_branches": 4, "num_partial_branches": 0, "covered_branches": 0, "missing_branches": 4, "percent_branches_covered": 0.0, "percent_branches_covered_display": "0"}, "missing_lines": [177, 178, 180, 181, 183, 184, 189, 190], "excluded_lines": [], "start_line": 167, "executed_branches": [], "missing_branches": [[180, 181], [180, 183], [183, 184], [183, 189]]}, "approve_baseline": {"executed_lines": [], "summary": {"covered_lines": 0, "num_statements": 7, "percent_covered": 0.0, "percent_covered_display": "0", "missing_lines": 7, "excluded_lines": 0, "percent_statements_covered": 0.0, "percent_statements_covered_display": "0", "num_branches": 2, "num_partial_branches": 0, "covered_branches": 0, "missing_branches": 2, "percent_branches_covered": 0.0, "percent_branches_covered_display": "0"}, "missing_lines": [206, 207, 209, 210, 212, 213, 215], "excluded_lines": [], "start_line": 194, "executed_branches": [], "missing_branches": [[209, 210], [209, 212]]}, "unapprove_baseline": {"executed_lines": [], "summary": {"covered_lines": 0, "num_statements": 12, "percent_covered": 0.0, "percent_covered_display": "0", "missing_lines": 12, "excluded_lines": 0, "percent_statements_covered": 0.0, "percent_statements_covered_display": "0", "num_branches": 4, "num_partial_branches": 0, "covered_branches": 0, "missing_branches": 4, "percent_branches_covered": 0.0, "percent_branches_covered_display": "0"}, "missing_lines": [229, 230, 232, 233, 235, 236, 241, 242, 243, 245, 246, 248], "excluded_lines": [], "start_line": 219, "executed_branches": [], "missing_branches": [[232, 233], [232, 235], [235, 236], [235, 241]]}, "compare_baseline": {"executed_lines": [], "summary": {"covered_lines": 0, "num_statements": 10, "percent_covered": 0.0, "percent_covered_display": "0", "missing_lines": 10, "excluded_lines": 0, "percent_statements_covered": 0.0, "percent_statements_covered_display": "0", "num_branches": 4, "num_partial_branches": 0, "covered_branches": 0, "missing_branches": 4, "percent_branches_covered": 0.0, "percent_branches_covered_display": "0"}, "missing_lines": [269, 274, 275, 277, 278, 280, 281, 286, 287, 289], "excluded_lines": [], "start_line": 252, "executed_branches": [], "missing_branches": [[277, 278], [277, 280], [280, 281], [280, 286]]}, "get_approved_baseline": {"executed_lines": [], "summary": {"covered_lines": 0, "num_statements": 9, "percent_covered": 0.0, "percent_covered_display": "0", "missing_lines": 9, "excluded_lines": 0, "percent_statements_covered": 0.0, "percent_statements_covered_display": "0", "num_branches": 4, "num_partial_branches": 0, "covered_branches": 0, "missing_branches": 4, "percent_branches_covered": 0.0, "percent_branches_covered_display": "0"}, "missing_lines": [304, 305, 306, 307, 309, 310, 312, 313, 315], "excluded_lines": [], "start_line": 293, "executed_branches": [], "missing_branches": [[306, 307], [306, 309], [312, 313], [312, 315]]}, "": {"executed_lines": [3, 4, 6, 7, 9, 10, 11, 12, 13, 14, 23, 26, 27, 30, 31, 65, 66, 105, 106, 135, 136, 166, 167, 193, 194, 218, 219, 251, 252, 292, 293], "summary": {"covered_lines": 31, "num_statements": 31, "percent_covered": 100.0, "percent_covered_display": "100", "missing_lines": 0, "excluded_lines": 0, "percent_statements_covered": 100.0, "percent_statements_covered_display": "100", "num_branches": 0, "num_partial_branches": 0, "covered_branches": 0, "missing_branches": 0, "percent_branches_covered": 100.0, "percent_branches_covered_display": "100"}, "missing_lines": [], "excluded_lines": [], "start_line": 1, "executed_branches": [], "missing_branches": []}}, "classes": {"": {"executed_lines": [3, 4, 6, 7, 9, 10, 11, 12, 13, 14, 23, 26, 27, 30, 31, 65, 66, 105, 106, 135, 136, 166, 167, 193, 194, 218, 219, 251, 252, 292, 293], "summary": {"covered_lines": 31, "num_statements": 116, "percent_covered": 20.945945945945947, "percent_covered_display": "21", "missing_lines": 85, "excluded_lines": 0, "percent_statements_covered": 26.724137931034484, "percent_statements_covered_display": "27", "num_branches": 32, "num_partial_branches": 0, "covered_branches": 0, "missing_branches": 32, "percent_branches_covered": 0.0, "percent_branches_covered_display": "0"}, "missing_lines": [45, 46, 47, 48, 50, 51, 53, 54, 56, 80, 81, 82, 83, 88, 89, 99, 100, 102, 118, 119, 121, 122, 124, 127, 128, 129, 130, 132, 148, 149, 151, 152, 155, 156, 157, 158, 160, 161, 163, 177, 178, 180, 181, 183, 184, 189, 190, 206, 207, 209, 210, 212, 213, 215, 229, 230, 232, 233, 235, 236, 241, 242, 243, 245, 246, 248, 269, 274, 275, 277, 278, 280, 281, 286, 287, 289, 304, 305, 306, 307, 309, 310, 312, 313, 315], "excluded_lines": [], "start_line": 1, "executed_branches": [], "missing_branches": [[47, 48], [47, 50], [82, 83], [82, 88], [121, 122], [121, 124], [127, 128], [127, 132], [151, 152], [151, 155], [156, 157], [156, 160], [157, 158], [157, 160], [180, 181], [180, 183], [183, 184], [183, 189], [209, 210], [209, 212], [232, 233], [232, 235], [235, 236], [235, 241], [277, 278], [277, 280], [280, 281], [280, 286], [306, 307], [306, 309], [312, 313], [312, 315]]}}}, "src\\api\\v1\\endpoints\\dependencies.py": {"executed_lines": [3, 5, 6, 8, 9, 16, 17, 18, 19, 20, 26, 28, 31, 49, 50, 53, 55, 59, 62, 71, 72, 73, 74, 75, 76, 81, 82, 89, 90, 92, 95, 96, 98, 104, 105, 107, 115, 116, 123, 124, 126, 129, 135, 136, 138, 146, 147, 153, 154, 156, 157, 163, 164, 166, 167, 169, 175, 178, 179, 185, 186, 189, 190, 191, 197, 198, 199, 205, 212, 213, 215, 222, 226, 232, 239, 240, 242, 243, 244, 246, 249, 250, 257, 258, 260, 267, 268, 270, 271, 273, 279, 283, 284, 286, 289, 290, 296, 297, 299, 306, 307, 309, 310, 312, 318, 319], "summary": {"covered_lines": 106, "num_statements": 120, "percent_covered": 83.33333333333333, "percent_covered_display": "83", "missing_lines": 14, "excluded_lines": 0, "percent_statements_covered": 88.33333333333333, "percent_statements_covered_display": "88", "num_branches": 36, "num_partial_branches": 12, "covered_branches": 24, "missing_branches": 12, "percent_branches_covered": 66.66666666666667, "percent_branches_covered_display": "67"}, "missing_lines": [56, 77, 78, 93, 99, 127, 130, 170, 206, 216, 261, 274, 300, 313], "excluded_lines": [], "executed_branches": [[55, 59], [74, 75], [74, 76], [92, 95], [98, 104], [126, 129], [129, 135], [156, 157], [156, 163], [169, 175], [190, 191], [190, 197], [198, 199], [198, 205], [205, 212], [215, 222], [222, 226], [222, 232], [239, 240], [239, 242], [260, 267], [273, 279], [299, 306], [312, 318]], "missing_branches": [[55, 56], [92, 93], [98, 99], [126, 127], [129, 130], [169, 170], [205, 206], [215, 216], [260, 261], [273, 274], [299, 300], [312, 313]], "functions": {"would_create_cycle": {"executed_lines": [49, 50, 53, 55, 59, 62, 71, 72, 73, 74, 75, 76], "summary": {"covered_lines": 12, "num_statements": 15, "percent_covered": 78.94736842105263, "percent_covered_display": "79", "missing_lines": 3, "excluded_lines": 0, "percent_statements_covered": 80.0, "percent_statements_covered_display": "80", "num_branches": 4, "num_partial_branches": 1, "covered_branches": 3, "missing_branches": 1, "percent_branches_covered": 75.0, "percent_branches_covered_display": "75"}, "missing_lines": [56, 77, 78], "excluded_lines": [], "start_line": 31, "executed_branches": [[55, 59], [74, 75], [74, 76]], "missing_branches": [[55, 56]]}, "list_dependencies_for_activity": {"executed_lines": [89, 90, 92, 95, 96, 98, 104, 105, 107], "summary": {"covered_lines": 9, "num_statements": 11, "percent_covered": 73.33333333333333, "percent_covered_display": "73", "missing_lines": 2, "excluded_lines": 0, "percent_statements_covered": 81.81818181818181, "percent_statements_covered_display": "82", "num_branches": 4, "num_partial_branches": 2, "covered_branches": 2, "missing_branches": 2, "percent_branches_covered": 50.0, "percent_branches_covered_display": "50"}, "missing_lines": [93, 99], "excluded_lines": [], "start_line": 82, "executed_branches": [[92, 95], [98, 104]], "missing_branches": [[92, 93], [98, 99]]}, "list_dependencies_for_program": {"executed_lines": [123, 124, 126, 129, 135, 136, 138], "summary": {"covered_lines": 7, "num_statements": 9, "percent_covered": 69.23076923076923, "percent_covered_display": "69", "missing_lines": 2, "excluded_lines": 0, "percent_statements_covered": 77.77777777777777, "percent_statements_covered_display": "78", "num_branches": 4, "num_partial_branches": 2, "covered_branches": 2, "missing_branches": 2, "percent_branches_covered": 50.0, "percent_branches_covered_display": "50"}, "missing_lines": [127, 130], "excluded_lines": [], "start_line": 116, "executed_branches": [[126, 129], [129, 135]], "missing_branches": [[126, 127], [129, 130]]}, "get_dependency": {"executed_lines": [153, 154, 156, 157, 163, 164, 166, 167, 169, 175], "summary": {"covered_lines": 10, "num_statements": 11, "percent_covered": 86.66666666666667, "percent_covered_display": "87", "missing_lines": 1, "excluded_lines": 0, "percent_statements_covered": 90.9090909090909, "percent_statements_covered_display": "91", "num_branches": 4, "num_partial_branches": 1, "covered_branches": 3, "missing_branches": 1, "percent_branches_covered": 75.0, "percent_branches_covered_display": "75"}, "missing_lines": [170], "excluded_lines": [], "start_line": 147, "executed_branches": [[156, 157], [156, 163], [169, 175]], "missing_branches": [[169, 170]]}, "create_dependency": {"executed_lines": [185, 186, 189, 190, 191, 197, 198, 199, 205, 212, 213, 215, 222, 226, 232, 239, 240, 242, 243, 244, 246], "summary": {"covered_lines": 21, "num_statements": 23, "percent_covered": 88.57142857142857, "percent_covered_display": "89", "missing_lines": 2, "excluded_lines": 0, "percent_statements_covered": 91.30434782608695, "percent_statements_covered_display": "91", "num_branches": 12, "num_partial_branches": 2, "covered_branches": 10, "missing_branches": 2, "percent_branches_covered": 83.33333333333333, "percent_branches_covered_display": "83"}, "missing_lines": [206, 216], "excluded_lines": [], "start_line": 179, "executed_branches": [[190, 191], [190, 197], [198, 199], [198, 205], [205, 212], [215, 222], [222, 226], [222, 232], [239, 240], [239, 242]], "missing_branches": [[205, 206], [215, 216]]}, "update_dependency": {"executed_lines": [257, 258, 260, 267, 268, 270, 271, 273, 279, 283, 284, 286], "summary": {"covered_lines": 12, "num_statements": 14, "percent_covered": 77.77777777777777, "percent_covered_display": "78", "missing_lines": 2, "excluded_lines": 0, "percent_statements_covered": 85.71428571428571, "percent_statements_covered_display": "86", "num_branches": 4, "num_partial_branches": 2, "covered_branches": 2, "missing_branches": 2, "percent_branches_covered": 50.0, "percent_branches_covered_display": "50"}, "missing_lines": [261, 274], "excluded_lines": [], "start_line": 250, "executed_branches": [[260, 267], [273, 279]], "missing_branches": [[260, 261], [273, 274]]}, "delete_dependency": {"executed_lines": [296, 297, 299, 306, 307, 309, 310, 312, 318, 319], "summary": {"covered_lines": 10, "num_statements": 12, "percent_covered": 75.0, "percent_covered_display": "75", "missing_lines": 2, "excluded_lines": 0, "percent_statements_covered": 83.33333333333333, "percent_statements_covered_display": "83", "num_branches": 4, "num_partial_branches": 2, "covered_branches": 2, "missing_branches": 2, "percent_branches_covered": 50.0, "percent_branches_covered_display": "50"}, "missing_lines": [300, 313], "excluded_lines": [], "start_line": 290, "executed_branches": [[299, 306], [312, 318]], "missing_branches": [[299, 300], [312, 313]]}, "": {"executed_lines": [3, 5, 6, 8, 9, 16, 17, 18, 19, 20, 26, 28, 31, 81, 82, 115, 116, 146, 147, 178, 179, 249, 250, 289, 290], "summary": {"covered_lines": 25, "num_statements": 25, "percent_covered": 100.0, "percent_covered_display": "100", "missing_lines": 0, "excluded_lines": 0, "percent_statements_covered": 100.0, "percent_statements_covered_display": "100", "num_branches": 0, "num_partial_branches": 0, "covered_branches": 0, "missing_branches": 0, "percent_branches_covered": 100.0, "percent_branches_covered_display": "100"}, "missing_lines": [], "excluded_lines": [], "start_line": 1, "executed_branches": [], "missing_branches": []}}, "classes": {"": {"executed_lines": [3, 5, 6, 8, 9, 16, 17, 18, 19, 20, 26, 28, 31, 49, 50, 53, 55, 59, 62, 71, 72, 73, 74, 75, 76, 81, 82, 89, 90, 92, 95, 96, 98, 104, 105, 107, 115, 116, 123, 124, 126, 129, 135, 136, 138, 146, 147, 153, 154, 156, 157, 163, 164, 166, 167, 169, 175, 178, 179, 185, 186, 189, 190, 191, 197, 198, 199, 205, 212, 213, 215, 222, 226, 232, 239, 240, 242, 243, 244, 246, 249, 250, 257, 258, 260, 267, 268, 270, 271, 273, 279, 283, 284, 286, 289, 290, 296, 297, 299, 306, 307, 309, 310, 312, 318, 319], "summary": {"covered_lines": 106, "num_statements": 120, "percent_covered": 83.33333333333333, "percent_covered_display": "83", "missing_lines": 14, "excluded_lines": 0, "percent_statements_covered": 88.33333333333333, "percent_statements_covered_display": "88", "num_branches": 36, "num_partial_branches": 12, "covered_branches": 24, "missing_branches": 12, "percent_branches_covered": 66.66666666666667, "percent_branches_covered_display": "67"}, "missing_lines": [56, 77, 78, 93, 99, 127, 130, 170, 206, 216, 261, 274, 300, 313], "excluded_lines": [], "start_line": 1, "executed_branches": [[55, 59], [74, 75], [74, 76], [92, 95], [98, 104], [126, 129], [129, 135], [156, 157], [156, 163], [169, 175], [190, 191], [190, 197], [198, 199], [198, 205], [205, 212], [215, 222], [222, 226], [222, 232], [239, 240], [239, 242], [260, 267], [273, 279], [299, 306], [312, 318]], "missing_branches": [[55, 56], [92, 93], [98, 99], [126, 127], [129, 130], [169, 170], [205, 206], [215, 216], [260, 261], [273, 274], [299, 300], [312, 313]]}}}, "src\\api\\v1\\endpoints\\evms.py": {"executed_lines": [3, 4, 5, 6, 8, 10, 11, 12, 18, 19, 20, 21, 22, 23, 24, 35, 36, 38, 41, 42, 80, 81, 106, 107, 155, 156, 193, 194, 227, 232, 330, 334, 423, 424, 517, 518, 528, 531, 532, 544, 545, 547, 548, 551, 552, 554, 561, 562, 563, 564, 565, 571, 572, 577, 578, 584, 585, 586, 588, 589, 591], "summary": {"covered_lines": 61, "num_statements": 237, "percent_covered": 22.53968253968254, "percent_covered_display": "23", "missing_lines": 176, "excluded_lines": 0, "percent_statements_covered": 25.738396624472575, "percent_statements_covered_display": "26", "num_branches": 78, "num_partial_branches": 2, "covered_branches": 10, "missing_branches": 68, "percent_branches_covered": 12.820512820512821, "percent_branches_covered_display": "13"}, "missing_lines": [52, 53, 55, 56, 58, 59, 64, 65, 72, 87, 88, 90, 91, 94, 95, 97, 98, 103, 114, 115, 117, 118, 123, 124, 130, 131, 137, 138, 143, 148, 149, 150, 152, 163, 164, 166, 167, 170, 171, 173, 174, 180, 181, 186, 187, 188, 190, 200, 201, 203, 204, 207, 208, 210, 211, 217, 218, 223, 224, 240, 241, 243, 244, 246, 247, 249, 250, 256, 257, 263, 264, 266, 267, 272, 273, 279, 280, 281, 287, 294, 295, 297, 298, 299, 300, 302, 303, 304, 307, 308, 309, 311, 312, 313, 314, 316, 319, 321, 322, 325, 327, 343, 344, 346, 347, 349, 350, 352, 353, 358, 359, 365, 366, 368, 369, 375, 378, 380, 386, 387, 388, 390, 391, 392, 393, 395, 396, 397, 400, 401, 402, 404, 405, 406, 407, 409, 412, 414, 415, 418, 420, 437, 438, 440, 441, 443, 444, 450, 451, 452, 453, 454, 457, 459, 460, 461, 463, 466, 467, 468, 469, 471, 472, 473, 474, 476, 477, 478, 479, 481, 483, 502, 503, 509, 555, 573], "excluded_lines": [], "executed_branches": [[547, 548], [547, 551], [554, 561], [571, 572], [571, 584], [572, 577], [577, 578], [577, 584], [585, 586], [585, 588]], "missing_branches": [[55, 56], [55, 58], [58, 59], [58, 64], [90, 91], [90, 94], [97, 98], [97, 103], [117, 118], [117, 123], [123, 124], [123, 130], [130, 131], [130, 137], [138, 143], [138, 148], [166, 167], [166, 170], [173, 174], [173, 180], [180, 181], [180, 186], [203, 204], [203, 207], [210, 211], [210, 217], [217, 218], [217, 223], [243, 244], [243, 246], [249, 250], [249, 256], [256, 257], [256, 263], [266, 267], [266, 272], [272, 273], [272, 279], [280, 281], [280, 287], [297, 298], [297, 302], [346, 347], [346, 349], [352, 353], [352, 358], [358, 359], [358, 365], [368, 369], [368, 375], [378, 380], [378, 409], [390, 391], [390, 395], [440, 441], [440, 443], [443, 444], [443, 450], [451, 452], [451, 457], [453, 454], [453, 457], [459, 460], [459, 463], [502, 503], [502, 509], [554, 555], [572, 573]], "functions": {"list_periods": {"executed_lines": [], "summary": {"covered_lines": 0, "num_statements": 9, "percent_covered": 0.0, "percent_covered_display": "0", "missing_lines": 9, "excluded_lines": 0, "percent_statements_covered": 0.0, "percent_statements_covered_display": "0", "num_branches": 4, "num_partial_branches": 0, "covered_branches": 0, "missing_branches": 4, "percent_branches_covered": 0.0, "percent_branches_covered_display": "0"}, "missing_lines": [52, 53, 55, 56, 58, 59, 64, 65, 72], "excluded_lines": [], "start_line": 42, "executed_branches": [], "missing_branches": [[55, 56], [55, 58], [58, 59], [58, 64]]}, "get_period": {"executed_lines": [], "summary": {"covered_lines": 0, "num_statements": 9, "percent_covered": 0.0, "percent_covered_display": "0", "missing_lines": 9, "excluded_lines": 0, "percent_statements_covered": 0.0, "percent_statements_covered_display": "0", "num_branches": 4, "num_partial_branches": 0, "covered_branches": 0, "missing_branches": 4, "percent_branches_covered": 0.0, "percent_branches_covered_display": "0"}, "missing_lines": [87, 88, 90, 91, 94, 95, 97, 98, 103], "excluded_lines": [], "start_line": 81, "executed_branches": [], "missing_branches": [[90, 91], [90, 94], [97, 98], [97, 103]]}, "create_period": {"executed_lines": [], "summary": {"covered_lines": 0, "num_statements": 15, "percent_covered": 0.0, "percent_covered_display": "0", "missing_lines": 15, "excluded_lines": 0, "percent_statements_covered": 0.0, "percent_statements_covered_display": "0", "num_branches": 8, "num_partial_branches": 0, "covered_branches": 0, "missing_branches": 8, "percent_branches_covered": 0.0, "percent_branches_covered_display": "0"}, "missing_lines": [114, 115, 117, 118, 123, 124, 130, 131, 137, 138, 143, 148, 149, 150, 152], "excluded_lines": [], "start_line": 107, "executed_branches": [], "missing_branches": [[117, 118], [117, 123], [123, 124], [123, 130], [130, 131], [130, 137], [138, 143], [138, 148]]}, "update_period": {"executed_lines": [], "summary": {"covered_lines": 0, "num_statements": 14, "percent_covered": 0.0, "percent_covered_display": "0", "missing_lines": 14, "excluded_lines": 0, "percent_statements_covered": 0.0, "percent_statements_covered_display": "0", "num_branches": 6, "num_partial_branches": 0, "covered_branches": 0, "missing_branches": 6, "percent_branches_covered": 0.0, "percent_branches_covered_display": "0"}, "missing_lines": [163, 164, 166, 167, 170, 171, 173, 174, 180, 181, 186, 187, 188, 190], "excluded_lines": [], "start_line": 156, "executed_branches": [], "missing_branches": [[166, 167], [166, 170], [173, 174], [173, 180], [180, 181], [180, 186]]}, "delete_period": {"executed_lines": [], "summary": {"covered_lines": 0, "num_statements": 12, "percent_covered": 0.0, "percent_covered_display": "0", "missing_lines": 12, "excluded_lines": 0, "percent_statements_covered": 0.0, "percent_statements_covered_display": "0", "num_branches": 6, "num_partial_branches": 0, "covered_branches": 0, "missing_branches": 6, "percent_branches_covered": 0.0, "percent_branches_covered_display": "0"}, "missing_lines": [200, 201, 203, 204, 207, 208, 210, 211, 217, 218, 223, 224], "excluded_lines": [], "start_line": 194, "executed_branches": [], "missing_branches": [[203, 204], [203, 207], [210, 211], [210, 217], [217, 218], [217, 223]]}, "add_period_data": {"executed_lines": [], "summary": {"covered_lines": 0, "num_statements": 42, "percent_covered": 0.0, "percent_covered_display": "0", "missing_lines": 42, "excluded_lines": 0, "percent_statements_covered": 0.0, "percent_statements_covered_display": "0", "num_branches": 14, "num_partial_branches": 0, "covered_branches": 0, "missing_branches": 14, "percent_branches_covered": 0.0, "percent_branches_covered_display": "0"}, "missing_lines": [240, 241, 243, 244, 246, 247, 249, 250, 256, 257, 263, 264, 266, 267, 272, 273, 279, 280, 281, 287, 294, 295, 297, 298, 299, 300, 302, 303, 304, 307, 308, 309, 311, 312, 313, 314, 316, 319, 321, 322, 325, 327], "excluded_lines": [], "start_line": 232, "executed_branches": [], "missing_branches": [[243, 244], [243, 246], [249, 250], [249, 256], [256, 257], [256, 263], [266, 267], [266, 272], [272, 273], [272, 279], [280, 281], [280, 287], [297, 298], [297, 302]]}, "update_period_data": {"executed_lines": [], "summary": {"covered_lines": 0, "num_statements": 40, "percent_covered": 0.0, "percent_covered_display": "0", "missing_lines": 40, "excluded_lines": 0, "percent_statements_covered": 0.0, "percent_statements_covered_display": "0", "num_branches": 12, "num_partial_branches": 0, "covered_branches": 0, "missing_branches": 12, "percent_branches_covered": 0.0, "percent_branches_covered_display": "0"}, "missing_lines": [343, 344, 346, 347, 349, 350, 352, 353, 358, 359, 365, 366, 368, 369, 375, 378, 380, 386, 387, 388, 390, 391, 392, 393, 395, 396, 397, 400, 401, 402, 404, 405, 406, 407, 409, 412, 414, 415, 418, 420], "excluded_lines": [], "start_line": 334, "executed_branches": [], "missing_branches": [[346, 347], [346, 349], [352, 353], [352, 358], [358, 359], [358, 365], [368, 369], [368, 375], [378, 380], [378, 409], [390, 391], [390, 395]]}, "get_evms_summary": {"executed_lines": [], "summary": {"covered_lines": 0, "num_statements": 33, "percent_covered": 0.0, "percent_covered_display": "0", "missing_lines": 33, "excluded_lines": 0, "percent_statements_covered": 0.0, "percent_statements_covered_display": "0", "num_branches": 12, "num_partial_branches": 0, "covered_branches": 0, "missing_branches": 12, "percent_branches_covered": 0.0, "percent_branches_covered_display": "0"}, "missing_lines": [437, 438, 440, 441, 443, 444, 450, 451, 452, 453, 454, 457, 459, 460, 461, 463, 466, 467, 468, 469, 471, 472, 473, 474, 476, 477, 478, 479, 481, 483, 502, 503, 509], "excluded_lines": [], "start_line": 424, "executed_branches": [], "missing_branches": [[440, 441], [440, 443], [443, 444], [443, 450], [451, 452], [451, 457], [453, 454], [453, 457], [459, 460], [459, 463], [502, 503], [502, 509]]}, "list_ev_methods": {"executed_lines": [528], "summary": {"covered_lines": 1, "num_statements": 1, "percent_covered": 100.0, "percent_covered_display": "100", "missing_lines": 0, "excluded_lines": 0, "percent_statements_covered": 100.0, "percent_statements_covered_display": "100", "num_branches": 0, "num_partial_branches": 0, "covered_branches": 0, "missing_branches": 0, "percent_branches_covered": 100.0, "percent_branches_covered_display": "100"}, "missing_lines": [], "excluded_lines": [], "start_line": 518, "executed_branches": [], "missing_branches": []}, "set_activity_ev_method": {"executed_lines": [544, 545, 547, 548, 551, 552, 554, 561, 562, 563, 564, 565, 571, 572, 577, 578, 584, 585, 586, 588, 589, 591], "summary": {"covered_lines": 22, "num_statements": 24, "percent_covered": 88.88888888888889, "percent_covered_display": "89", "missing_lines": 2, "excluded_lines": 0, "percent_statements_covered": 91.66666666666667, "percent_statements_covered_display": "92", "num_branches": 12, "num_partial_branches": 2, "covered_branches": 10, "missing_branches": 2, "percent_branches_covered": 83.33333333333333, "percent_branches_covered_display": "83"}, "missing_lines": [555, 573], "excluded_lines": [], "start_line": 532, "executed_branches": [[547, 548], [547, 551], [554, 561], [571, 572], [571, 584], [572, 577], [577, 578], [577, 584], [585, 586], [585, 588]], "missing_branches": [[554, 555], [572, 573]]}, "": {"executed_lines": [3, 4, 5, 6, 8, 10, 11, 12, 18, 19, 20, 21, 22, 23, 24, 35, 36, 38, 41, 42, 80, 81, 106, 107, 155, 156, 193, 194, 227, 232, 330, 334, 423, 424, 517, 518, 531, 532], "summary": {"covered_lines": 38, "num_statements": 38, "percent_covered": 100.0, "percent_covered_display": "100", "missing_lines": 0, "excluded_lines": 0, "percent_statements_covered": 100.0, "percent_statements_covered_display": "100", "num_branches": 0, "num_partial_branches": 0, "covered_branches": 0, "missing_branches": 0, "percent_branches_covered": 100.0, "percent_branches_covered_display": "100"}, "missing_lines": [], "excluded_lines": [], "start_line": 1, "executed_branches": [], "missing_branches": []}}, "classes": {"": {"executed_lines": [3, 4, 5, 6, 8, 10, 11, 12, 18, 19, 20, 21, 22, 23, 24, 35, 36, 38, 41, 42, 80, 81, 106, 107, 155, 156, 193, 194, 227, 232, 330, 334, 423, 424, 517, 518, 528, 531, 532, 544, 545, 547, 548, 551, 552, 554, 561, 562, 563, 564, 565, 571, 572, 577, 578, 584, 585, 586, 588, 589, 591], "summary": {"covered_lines": 61, "num_statements": 237, "percent_covered": 22.53968253968254, "percent_covered_display": "23", "missing_lines": 176, "excluded_lines": 0, "percent_statements_covered": 25.738396624472575, "percent_statements_covered_display": "26", "num_branches": 78, "num_partial_branches": 2, "covered_branches": 10, "missing_branches": 68, "percent_branches_covered": 12.820512820512821, "percent_branches_covered_display": "13"}, "missing_lines": [52, 53, 55, 56, 58, 59, 64, 65, 72, 87, 88, 90, 91, 94, 95, 97, 98, 103, 114, 115, 117, 118, 123, 124, 130, 131, 137, 138, 143, 148, 149, 150, 152, 163, 164, 166, 167, 170, 171, 173, 174, 180, 181, 186, 187, 188, 190, 200, 201, 203, 204, 207, 208, 210, 211, 217, 218, 223, 224, 240, 241, 243, 244, 246, 247, 249, 250, 256, 257, 263, 264, 266, 267, 272, 273, 279, 280, 281, 287, 294, 295, 297, 298, 299, 300, 302, 303, 304, 307, 308, 309, 311, 312, 313, 314, 316, 319, 321, 322, 325, 327, 343, 344, 346, 347, 349, 350, 352, 353, 358, 359, 365, 366, 368, 369, 375, 378, 380, 386, 387, 388, 390, 391, 392, 393, 395, 396, 397, 400, 401, 402, 404, 405, 406, 407, 409, 412, 414, 415, 418, 420, 437, 438, 440, 441, 443, 444, 450, 451, 452, 453, 454, 457, 459, 460, 461, 463, 466, 467, 468, 469, 471, 472, 473, 474, 476, 477, 478, 479, 481, 483, 502, 503, 509, 555, 573], "excluded_lines": [], "start_line": 1, "executed_branches": [[547, 548], [547, 551], [554, 561], [571, 572], [571, 584], [572, 577], [577, 578], [577, 584], [585, 586], [585, 588]], "missing_branches": [[55, 56], [55, 58], [58, 59], [58, 64], [90, 91], [90, 94], [97, 98], [97, 103], [117, 118], [117, 123], [123, 124], [123, 130], [130, 131], [130, 137], [138, 143], [138, 148], [166, 167], [166, 170], [173, 174], [173, 180], [180, 181], [180, 186], [203, 204], [203, 207], [210, 211], [210, 217], [217, 218], [217, 223], [243, 244], [243, 246], [249, 250], [249, 256], [256, 257], [256, 263], [266, 267], [266, 272], [272, 273], [272, 279], [280, 281], [280, 287], [297, 298], [297, 302], [346, 347], [346, 349], [352, 353], [352, 358], [358, 359], [358, 365], [368, 369], [368, 375], [378, 380], [378, 409], [390, 391], [390, 395], [440, 441], [440, 443], [443, 444], [443, 450], [451, 452], [451, 457], [453, 454], [453, 457], [459, 460], [459, 463], [502, 503], [502, 509], [554, 555], [572, 573]]}}}, "src\\api\\v1\\endpoints\\import_export.py": {"executed_lines": [3, 4, 5, 6, 8, 9, 11, 12, 13, 14, 19, 22, 32, 35, 44, 56, 60, 168, 169], "summary": {"covered_lines": 19, "num_statements": 49, "percent_covered": 30.158730158730158, "percent_covered_display": "30", "missing_lines": 30, "excluded_lines": 0, "percent_statements_covered": 38.775510204081634, "percent_statements_covered_display": "39", "num_branches": 14, "num_partial_branches": 0, "covered_branches": 0, "missing_branches": 14, "percent_branches_covered": 0.0, "percent_branches_covered_display": "0"}, "missing_lines": [97, 98, 99, 100, 101, 102, 105, 106, 108, 109, 112, 113, 114, 115, 117, 119, 120, 122, 124, 144, 147, 153, 165, 180, 181, 182, 183, 184, 185, 188], "excluded_lines": [], "executed_branches": [], "missing_branches": [[99, 100], [99, 101], [101, 102], [101, 105], [105, 106], [105, 108], [108, 109], [108, 112], [122, 124], [122, 144], [182, 183], [182, 184], [184, 185], [184, 188]], "functions": {"import_msproject": {"executed_lines": [], "summary": {"covered_lines": 0, "num_statements": 23, "percent_covered": 0.0, "percent_covered_display": "0", "missing_lines": 23, "excluded_lines": 0, "percent_statements_covered": 0.0, "percent_statements_covered_display": "0", "num_branches": 10, "num_partial_branches": 0, "covered_branches": 0, "missing_branches": 10, "percent_branches_covered": 0.0, "percent_branches_covered_display": "0"}, "missing_lines": [97, 98, 99, 100, 101, 102, 105, 106, 108, 109, 112, 113, 114, 115, 117, 119, 120, 122, 124, 144, 147, 153, 165], "excluded_lines": [], "start_line": 60, "executed_branches": [], "missing_branches": [[99, 100], [99, 101], [101, 102], [101, 105], [105, 106], [105, 108], [108, 109], [108, 112], [122, 124], [122, 144]]}, "export_csv": {"executed_lines": [], "summary": {"covered_lines": 0, "num_statements": 7, "percent_covered": 0.0, "percent_covered_display": "0", "missing_lines": 7, "excluded_lines": 0, "percent_statements_covered": 0.0, "percent_statements_covered_display": "0", "num_branches": 4, "num_partial_branches": 0, "covered_branches": 0, "missing_branches": 4, "percent_branches_covered": 0.0, "percent_branches_covered_display": "0"}, "missing_lines": [180, 181, 182, 183, 184, 185, 188], "excluded_lines": [], "start_line": 169, "executed_branches": [], "missing_branches": [[182, 183], [182, 184], [184, 185], [184, 188]]}, "": {"executed_lines": [3, 4, 5, 6, 8, 9, 11, 12, 13, 14, 19, 22, 32, 35, 44, 56, 60, 168, 169], "summary": {"covered_lines": 19, "num_statements": 19, "percent_covered": 100.0, "percent_covered_display": "100", "missing_lines": 0, "excluded_lines": 0, "percent_statements_covered": 100.0, "percent_statements_covered_display": "100", "num_branches": 0, "num_partial_branches": 0, "covered_branches": 0, "missing_branches": 0, "percent_branches_covered": 100.0, "percent_branches_covered_display": "100"}, "missing_lines": [], "excluded_lines": [], "start_line": 1, "executed_branches": [], "missing_branches": []}}, "classes": {"ImportPreviewTask": {"executed_lines": [], "summary": {"covered_lines": 0, "num_statements": 0, "percent_covered": 100.0, "percent_covered_display": "100", "missing_lines": 0, "excluded_lines": 0, "percent_statements_covered": 100.0, "percent_statements_covered_display": "100", "num_branches": 0, "num_partial_branches": 0, "covered_branches": 0, "missing_branches": 0, "percent_branches_covered": 100.0, "percent_branches_covered_display": "100"}, "missing_lines": [], "excluded_lines": [], "start_line": 22, "executed_branches": [], "missing_branches": []}, "ImportPreviewResponse": {"executed_lines": [], "summary": {"covered_lines": 0, "num_statements": 0, "percent_covered": 100.0, "percent_covered_display": "100", "missing_lines": 0, "excluded_lines": 0, "percent_statements_covered": 100.0, "percent_statements_covered_display": "100", "num_branches": 0, "num_partial_branches": 0, "covered_branches": 0, "missing_branches": 0, "percent_branches_covered": 100.0, "percent_branches_covered_display": "100"}, "missing_lines": [], "excluded_lines": [], "start_line": 32, "executed_branches": [], "missing_branches": []}, "ImportResultResponse": {"executed_lines": [], "summary": {"covered_lines": 0, "num_statements": 0, "percent_covered": 100.0, "percent_covered_display": "100", "missing_lines": 0, "excluded_lines": 0, "percent_statements_covered": 100.0, "percent_statements_covered_display": "100", "num_branches": 0, "num_partial_branches": 0, "covered_branches": 0, "missing_branches": 0, "percent_branches_covered": 100.0, "percent_branches_covered_display": "100"}, "missing_lines": [], "excluded_lines": [], "start_line": 44, "executed_branches": [], "missing_branches": []}, "": {"executed_lines": [3, 4, 5, 6, 8, 9, 11, 12, 13, 14, 19, 22, 32, 35, 44, 56, 60, 168, 169], "summary": {"covered_lines": 19, "num_statements": 49, "percent_covered": 30.158730158730158, "percent_covered_display": "30", "missing_lines": 30, "excluded_lines": 0, "percent_statements_covered": 38.775510204081634, "percent_statements_covered_display": "39", "num_branches": 14, "num_partial_branches": 0, "covered_branches": 0, "missing_branches": 14, "percent_branches_covered": 0.0, "percent_branches_covered_display": "0"}, "missing_lines": [97, 98, 99, 100, 101, 102, 105, 106, 108, 109, 112, 113, 114, 115, 117, 119, 120, 122, 124, 144, 147, 153, 165, 180, 181, 182, 183, 184, 185, 188], "excluded_lines": [], "start_line": 1, "executed_branches": [], "missing_branches": [[99, 100], [99, 101], [101, 102], [101, 105], [105, 106], [105, 108], [108, 109], [108, 112], [122, 124], [122, 144], [182, 183], [182, 184], [184, 185], [184, 188]]}}}, "src\\api\\v1\\endpoints\\programs.py": {"executed_lines": [3, 4, 6, 8, 9, 10, 11, 12, 19, 22, 23, 35, 36, 38, 45, 53, 54, 64, 65, 67, 68, 71, 72, 77, 80, 81, 91, 94, 95, 101, 102, 104, 105, 106, 108, 111, 112, 123, 124, 126, 130, 131, 136, 140, 142, 145, 146, 156, 157, 159, 163, 164, 169, 170], "summary": {"covered_lines": 54, "num_statements": 56, "percent_covered": 94.28571428571429, "percent_covered_display": "94", "missing_lines": 2, "excluded_lines": 0, "percent_statements_covered": 96.42857142857143, "percent_statements_covered_display": "96", "num_branches": 14, "num_partial_branches": 2, "covered_branches": 12, "missing_branches": 2, "percent_branches_covered": 85.71428571428571, "percent_branches_covered_display": "86"}, "missing_lines": [127, 160], "excluded_lines": [], "executed_branches": [[67, 68], [67, 71], [71, 72], [71, 77], [94, 95], [94, 101], [126, 130], [130, 131], [130, 136], [159, 163], [163, 164], [163, 169]], "missing_branches": [[126, 127], [159, 160]], "functions": {"list_programs": {"executed_lines": [35, 36, 38, 45], "summary": {"covered_lines": 4, "num_statements": 4, "percent_covered": 100.0, "percent_covered_display": "100", "missing_lines": 0, "excluded_lines": 0, "percent_statements_covered": 100.0, "percent_statements_covered_display": "100", "num_branches": 0, "num_partial_branches": 0, "covered_branches": 0, "missing_branches": 0, "percent_branches_covered": 100.0, "percent_branches_covered_display": "100"}, "missing_lines": [], "excluded_lines": [], "start_line": 23, "executed_branches": [], "missing_branches": []}, "get_program": {"executed_lines": [64, 65, 67, 68, 71, 72, 77], "summary": {"covered_lines": 7, "num_statements": 7, "percent_covered": 100.0, "percent_covered_display": "100", "missing_lines": 0, "excluded_lines": 0, "percent_statements_covered": 100.0, "percent_statements_covered_display": "100", "num_branches": 4, "num_partial_branches": 0, "covered_branches": 4, "missing_branches": 0, "percent_branches_covered": 100.0, "percent_branches_covered_display": "100"}, "missing_lines": [], "excluded_lines": [], "start_line": 54, "executed_branches": [[67, 68], [67, 71], [71, 72], [71, 77]], "missing_branches": []}, "create_program": {"executed_lines": [91, 94, 95, 101, 102, 104, 105, 106, 108], "summary": {"covered_lines": 9, "num_statements": 9, "percent_covered": 100.0, "percent_covered_display": "100", "missing_lines": 0, "excluded_lines": 0, "percent_statements_covered": 100.0, "percent_statements_covered_display": "100", "num_branches": 2, "num_partial_branches": 0, "covered_branches": 2, "missing_branches": 0, "percent_branches_covered": 100.0, "percent_branches_covered_display": "100"}, "missing_lines": [], "excluded_lines": [], "start_line": 81, "executed_branches": [[94, 95], [94, 101]], "missing_branches": []}, "update_program": {"executed_lines": [123, 124, 126, 130, 131, 136, 140, 142], "summary": {"covered_lines": 8, "num_statements": 9, "percent_covered": 84.61538461538461, "percent_covered_display": "85", "missing_lines": 1, "excluded_lines": 0, "percent_statements_covered": 88.88888888888889, "percent_statements_covered_display": "89", "num_branches": 4, "num_partial_branches": 1, "covered_branches": 3, "missing_branches": 1, "percent_branches_covered": 75.0, "percent_branches_covered_display": "75"}, "missing_lines": [127], "excluded_lines": [], "start_line": 112, "executed_branches": [[126, 130], [130, 131], [130, 136]], "missing_branches": [[126, 127]]}, "delete_program": {"executed_lines": [156, 157, 159, 163, 164, 169, 170], "summary": {"covered_lines": 7, "num_statements": 8, "percent_covered": 83.33333333333333, "percent_covered_display": "83", "missing_lines": 1, "excluded_lines": 0, "percent_statements_covered": 87.5, "percent_statements_covered_display": "88", "num_branches": 4, "num_partial_branches": 1, "covered_branches": 3, "missing_branches": 1, "percent_branches_covered": 75.0, "percent_branches_covered_display": "75"}, "missing_lines": [160], "excluded_lines": [], "start_line": 146, "executed_branches": [[159, 163], [163, 164], [163, 169]], "missing_branches": [[159, 160]]}, "": {"executed_lines": [3, 4, 6, 8, 9, 10, 11, 12, 19, 22, 23, 53, 54, 80, 81, 111, 112, 145, 146], "summary": {"covered_lines": 19, "num_statements": 19, "percent_covered": 100.0, "percent_covered_display": "100", "missing_lines": 0, "excluded_lines": 0, "percent_statements_covered": 100.0, "percent_statements_covered_display": "100", "num_branches": 0, "num_partial_branches": 0, "covered_branches": 0, "missing_branches": 0, "percent_branches_covered": 100.0, "percent_branches_covered_display": "100"}, "missing_lines": [], "excluded_lines": [], "start_line": 1, "executed_branches": [], "missing_branches": []}}, "classes": {"": {"executed_lines": [3, 4, 6, 8, 9, 10, 11, 12, 19, 22, 23, 35, 36, 38, 45, 53, 54, 64, 65, 67, 68, 71, 72, 77, 80, 81, 91, 94, 95, 101, 102, 104, 105, 106, 108, 111, 112, 123, 124, 126, 130, 131, 136, 140, 142, 145, 146, 156, 157, 159, 163, 164, 169, 170], "summary": {"covered_lines": 54, "num_statements": 56, "percent_covered": 94.28571428571429, "percent_covered_display": "94", "missing_lines": 2, "excluded_lines": 0, "percent_statements_covered": 96.42857142857143, "percent_statements_covered_display": "96", "num_branches": 14, "num_partial_branches": 2, "covered_branches": 12, "missing_branches": 2, "percent_branches_covered": 85.71428571428571, "percent_branches_covered_display": "86"}, "missing_lines": [127, 160], "excluded_lines": [], "start_line": 1, "executed_branches": [[67, 68], [67, 71], [71, 72], [71, 77], [94, 95], [94, 101], [126, 130], [130, 131], [130, 136], [159, 163], [163, 164], [163, 169]], "missing_branches": [[126, 127], [159, 160]]}}}, "src\\api\\v1\\endpoints\\reports.py": {"executed_lines": [3, 4, 6, 7, 9, 10, 11, 12, 13, 14, 16, 19, 20, 33, 34, 35, 39, 41, 47, 48, 54, 57, 58, 61, 68, 69, 72, 73, 84, 85, 86, 90, 92, 97, 98, 103, 106, 107, 110, 117, 118, 120, 123, 124, 134, 135, 136, 140, 141, 143], "summary": {"covered_lines": 50, "num_statements": 61, "percent_covered": 72.15189873417721, "percent_covered_display": "72", "missing_lines": 11, "excluded_lines": 0, "percent_statements_covered": 81.9672131147541, "percent_statements_covered_display": "82", "num_branches": 18, "num_partial_branches": 7, "covered_branches": 7, "missing_branches": 11, "percent_branches_covered": 38.888888888888886, "percent_branches_covered_display": "39"}, "missing_lines": [36, 42, 43, 44, 49, 87, 93, 94, 95, 99, 137], "excluded_lines": [], "executed_branches": [[35, 39], [41, 47], [48, 54], [86, 90], [92, 97], [98, 103], [136, 140]], "missing_branches": [[35, 36], [41, 42], [43, 44], [43, 57], [48, 49], [86, 87], [92, 93], [94, 95], [94, 106], [98, 99], [136, 137]], "functions": {"generate_cpr_format1": {"executed_lines": [33, 34, 35, 39, 41, 47, 48, 54, 57, 58, 61, 68, 69], "summary": {"covered_lines": 13, "num_statements": 18, "percent_covered": 61.53846153846154, "percent_covered_display": "62", "missing_lines": 5, "excluded_lines": 0, "percent_statements_covered": 72.22222222222223, "percent_statements_covered_display": "72", "num_branches": 8, "num_partial_branches": 3, "covered_branches": 3, "missing_branches": 5, "percent_branches_covered": 37.5, "percent_branches_covered_display": "38"}, "missing_lines": [36, 42, 43, 44, 49], "excluded_lines": [], "start_line": 20, "executed_branches": [[35, 39], [41, 47], [48, 54]], "missing_branches": [[35, 36], [41, 42], [43, 44], [43, 57], [48, 49]]}, "generate_cpr_format1_html": {"executed_lines": [84, 85, 86, 90, 92, 97, 98, 103, 106, 107, 110, 117, 118, 120], "summary": {"covered_lines": 14, "num_statements": 19, "percent_covered": 62.96296296296296, "percent_covered_display": "63", "missing_lines": 5, "excluded_lines": 0, "percent_statements_covered": 73.6842105263158, "percent_statements_covered_display": "74", "num_branches": 8, "num_partial_branches": 3, "covered_branches": 3, "missing_branches": 5, "percent_branches_covered": 37.5, "percent_branches_covered_display": "38"}, "missing_lines": [87, 93, 94, 95, 99], "excluded_lines": [], "start_line": 73, "executed_branches": [[86, 90], [92, 97], [98, 103]], "missing_branches": [[86, 87], [92, 93], [94, 95], [94, 106], [98, 99]]}, "get_program_report_summary": {"executed_lines": [134, 135, 136, 140, 141, 143], "summary": {"covered_lines": 6, "num_statements": 7, "percent_covered": 77.77777777777777, "percent_covered_display": "78", "missing_lines": 1, "excluded_lines": 0, "percent_statements_covered": 85.71428571428571, "percent_statements_covered_display": "86", "num_branches": 2, "num_partial_branches": 1, "covered_branches": 1, "missing_branches": 1, "percent_branches_covered": 50.0, "percent_branches_covered_display": "50"}, "missing_lines": [137], "excluded_lines": [], "start_line": 124, "executed_branches": [[136, 140]], "missing_branches": [[136, 137]]}, "": {"executed_lines": [3, 4, 6, 7, 9, 10, 11, 12, 13, 14, 16, 19, 20, 72, 73, 123, 124], "summary": {"covered_lines": 17, "num_statements": 17, "percent_covered": 100.0, "percent_covered_display": "100", "missing_lines": 0, "excluded_lines": 0, "percent_statements_covered": 100.0, "percent_statements_covered_display": "100", "num_branches": 0, "num_partial_branches": 0, "covered_branches": 0, "missing_branches": 0, "percent_branches_covered": 100.0, "percent_branches_covered_display": "100"}, "missing_lines": [], "excluded_lines": [], "start_line": 1, "executed_branches": [], "missing_branches": []}}, "classes": {"": {"executed_lines": [3, 4, 6, 7, 9, 10, 11, 12, 13, 14, 16, 19, 20, 33, 34, 35, 39, 41, 47, 48, 54, 57, 58, 61, 68, 69, 72, 73, 84, 85, 86, 90, 92, 97, 98, 103, 106, 107, 110, 117, 118, 120, 123, 124, 134, 135, 136, 140, 141, 143], "summary": {"covered_lines": 50, "num_statements": 61, "percent_covered": 72.15189873417721, "percent_covered_display": "72", "missing_lines": 11, "excluded_lines": 0, "percent_statements_covered": 81.9672131147541, "percent_statements_covered_display": "82", "num_branches": 18, "num_partial_branches": 7, "covered_branches": 7, "missing_branches": 11, "percent_branches_covered": 38.888888888888886, "percent_branches_covered_display": "39"}, "missing_lines": [36, 42, 43, 44, 49, 87, 93, 94, 95, 99, 137], "excluded_lines": [], "start_line": 1, "executed_branches": [[35, 39], [41, 47], [48, 54], [86, 90], [92, 97], [98, 103], [136, 140]], "missing_branches": [[35, 36], [41, 42], [43, 44], [43, 57], [48, 49], [86, 87], [92, 93], [94, 95], [94, 106], [98, 99], [136, 137]]}}}, "src\\api\\v1\\endpoints\\scenarios.py": {"executed_lines": [3, 4, 6, 7, 9, 10, 11, 12, 13, 14, 15, 26, 29, 30, 33, 34, 92, 93, 162, 163, 188, 189, 227, 228, 254, 255, 296, 297, 319, 320, 350, 351, 373, 374, 403, 404, 438], "summary": {"covered_lines": 37, "num_statements": 154, "percent_covered": 17.78846153846154, "percent_covered_display": "18", "missing_lines": 117, "excluded_lines": 0, "percent_statements_covered": 24.025974025974026, "percent_statements_covered_display": "24", "num_branches": 54, "num_partial_branches": 0, "covered_branches": 0, "missing_branches": 54, "percent_branches_covered": 0.0, "percent_branches_covered_display": "0"}, "missing_lines": [49, 50, 51, 52, 54, 55, 57, 60, 63, 64, 65, 81, 83, 107, 108, 109, 110, 116, 117, 118, 119, 120, 125, 128, 129, 135, 136, 142, 144, 153, 154, 156, 157, 159, 175, 177, 178, 180, 182, 183, 185, 200, 201, 203, 204, 206, 207, 213, 214, 215, 216, 217, 219, 221, 222, 224, 238, 239, 241, 242, 244, 245, 250, 251, 267, 268, 270, 271, 273, 274, 279, 290, 291, 293, 308, 309, 311, 312, 314, 316, 331, 332, 334, 335, 337, 338, 343, 344, 345, 347, 361, 362, 364, 365, 367, 368, 370, 384, 385, 387, 388, 390, 391, 396, 397, 398, 400, 414, 415, 417, 418, 420, 422, 443, 444, 445, 447], "excluded_lines": [], "executed_branches": [], "missing_branches": [[51, 52], [51, 54], [64, 65], [64, 83], [109, 110], [109, 116], [116, 117], [116, 125], [119, 120], [119, 125], [128, 129], [128, 142], [135, 136], [135, 156], [177, 178], [177, 180], [182, 183], [182, 185], [203, 204], [203, 206], [206, 207], [206, 213], [214, 215], [214, 221], [215, 216], [215, 221], [216, 217], [216, 219], [241, 242], [241, 244], [244, 245], [244, 250], [270, 271], [270, 273], [273, 274], [273, 279], [311, 312], [311, 314], [334, 335], [334, 337], [337, 338], [337, 343], [344, 345], [344, 347], [364, 365], [364, 367], [387, 388], [387, 390], [390, 391], [390, 396], [417, 418], [417, 420], [444, 445], [444, 447]], "functions": {"list_scenarios": {"executed_lines": [], "summary": {"covered_lines": 0, "num_statements": 13, "percent_covered": 0.0, "percent_covered_display": "0", "missing_lines": 13, "excluded_lines": 0, "percent_statements_covered": 0.0, "percent_statements_covered_display": "0", "num_branches": 4, "num_partial_branches": 0, "covered_branches": 0, "missing_branches": 4, "percent_branches_covered": 0.0, "percent_branches_covered_display": "0"}, "missing_lines": [49, 50, 51, 52, 54, 55, 57, 60, 63, 64, 65, 81, 83], "excluded_lines": [], "start_line": 34, "executed_branches": [], "missing_branches": [[51, 52], [51, 54], [64, 65], [64, 83]]}, "create_scenario": {"executed_lines": [], "summary": {"covered_lines": 0, "num_statements": 21, "percent_covered": 0.0, "percent_covered_display": "0", "missing_lines": 21, "excluded_lines": 0, "percent_statements_covered": 0.0, "percent_statements_covered_display": "0", "num_branches": 10, "num_partial_branches": 0, "covered_branches": 0, "missing_branches": 10, "percent_branches_covered": 0.0, "percent_branches_covered_display": "0"}, "missing_lines": [107, 108, 109, 110, 116, 117, 118, 119, 120, 125, 128, 129, 135, 136, 142, 144, 153, 154, 156, 157, 159], "excluded_lines": [], "start_line": 93, "executed_branches": [], "missing_branches": [[109, 110], [109, 116], [116, 117], [116, 125], [119, 120], [119, 125], [128, 129], [128, 142], [135, 136], [135, 156]]}, "get_scenario": {"executed_lines": [], "summary": {"covered_lines": 0, "num_statements": 7, "percent_covered": 0.0, "percent_covered_display": "0", "missing_lines": 7, "excluded_lines": 0, "percent_statements_covered": 0.0, "percent_statements_covered_display": "0", "num_branches": 4, "num_partial_branches": 0, "covered_branches": 0, "missing_branches": 4, "percent_branches_covered": 0.0, "percent_branches_covered_display": "0"}, "missing_lines": [175, 177, 178, 180, 182, 183, 185], "excluded_lines": [], "start_line": 163, "executed_branches": [], "missing_branches": [[177, 178], [177, 180], [182, 183], [182, 185]]}, "update_scenario": {"executed_lines": [], "summary": {"covered_lines": 0, "num_statements": 15, "percent_covered": 0.0, "percent_covered_display": "0", "missing_lines": 15, "excluded_lines": 0, "percent_statements_covered": 0.0, "percent_statements_covered_display": "0", "num_branches": 10, "num_partial_branches": 0, "covered_branches": 0, "missing_branches": 10, "percent_branches_covered": 0.0, "percent_branches_covered_display": "0"}, "missing_lines": [200, 201, 203, 204, 206, 207, 213, 214, 215, 216, 217, 219, 221, 222, 224], "excluded_lines": [], "start_line": 189, "executed_branches": [], "missing_branches": [[203, 204], [203, 206], [206, 207], [206, 213], [214, 215], [214, 221], [215, 216], [215, 221], [216, 217], [216, 219]]}, "delete_scenario": {"executed_lines": [], "summary": {"covered_lines": 0, "num_statements": 8, "percent_covered": 0.0, "percent_covered_display": "0", "missing_lines": 8, "excluded_lines": 0, "percent_statements_covered": 0.0, "percent_statements_covered_display": "0", "num_branches": 4, "num_partial_branches": 0, "covered_branches": 0, "missing_branches": 4, "percent_branches_covered": 0.0, "percent_branches_covered_display": "0"}, "missing_lines": [238, 239, 241, 242, 244, 245, 250, 251], "excluded_lines": [], "start_line": 228, "executed_branches": [], "missing_branches": [[241, 242], [241, 244], [244, 245], [244, 250]]}, "add_change": {"executed_lines": [], "summary": {"covered_lines": 0, "num_statements": 10, "percent_covered": 0.0, "percent_covered_display": "0", "missing_lines": 10, "excluded_lines": 0, "percent_statements_covered": 0.0, "percent_statements_covered_display": "0", "num_branches": 4, "num_partial_branches": 0, "covered_branches": 0, "missing_branches": 4, "percent_branches_covered": 0.0, "percent_branches_covered_display": "0"}, "missing_lines": [267, 268, 270, 271, 273, 274, 279, 290, 291, 293], "excluded_lines": [], "start_line": 255, "executed_branches": [], "missing_branches": [[270, 271], [270, 273], [273, 274], [273, 279]]}, "list_changes": {"executed_lines": [], "summary": {"covered_lines": 0, "num_statements": 6, "percent_covered": 0.0, "percent_covered_display": "0", "missing_lines": 6, "excluded_lines": 0, "percent_statements_covered": 0.0, "percent_statements_covered_display": "0", "num_branches": 2, "num_partial_branches": 0, "covered_branches": 0, "missing_branches": 2, "percent_branches_covered": 0.0, "percent_branches_covered_display": "0"}, "missing_lines": [308, 309, 311, 312, 314, 316], "excluded_lines": [], "start_line": 297, "executed_branches": [], "missing_branches": [[311, 312], [311, 314]]}, "remove_change": {"executed_lines": [], "summary": {"covered_lines": 0, "num_statements": 10, "percent_covered": 0.0, "percent_covered_display": "0", "missing_lines": 10, "excluded_lines": 0, "percent_statements_covered": 0.0, "percent_statements_covered_display": "0", "num_branches": 6, "num_partial_branches": 0, "covered_branches": 0, "missing_branches": 6, "percent_branches_covered": 0.0, "percent_branches_covered_display": "0"}, "missing_lines": [331, 332, 334, 335, 337, 338, 343, 344, 345, 347], "excluded_lines": [], "start_line": 320, "executed_branches": [], "missing_branches": [[334, 335], [334, 337], [337, 338], [337, 343], [344, 345], [344, 347]]}, "archive_scenario": {"executed_lines": [], "summary": {"covered_lines": 0, "num_statements": 7, "percent_covered": 0.0, "percent_covered_display": "0", "missing_lines": 7, "excluded_lines": 0, "percent_statements_covered": 0.0, "percent_statements_covered_display": "0", "num_branches": 2, "num_partial_branches": 0, "covered_branches": 0, "missing_branches": 2, "percent_branches_covered": 0.0, "percent_branches_covered_display": "0"}, "missing_lines": [361, 362, 364, 365, 367, 368, 370], "excluded_lines": [], "start_line": 351, "executed_branches": [], "missing_branches": [[364, 365], [364, 367]]}, "activate_scenario": {"executed_lines": [], "summary": {"covered_lines": 0, "num_statements": 10, "percent_covered": 0.0, "percent_covered_display": "0", "missing_lines": 10, "excluded_lines": 0, "percent_statements_covered": 0.0, "percent_statements_covered_display": "0", "num_branches": 4, "num_partial_branches": 0, "covered_branches": 0, "missing_branches": 4, "percent_branches_covered": 0.0, "percent_branches_covered_display": "0"}, "missing_lines": [384, 385, 387, 388, 390, 391, 396, 397, 398, 400], "excluded_lines": [], "start_line": 374, "executed_branches": [], "missing_branches": [[387, 388], [387, 390], [390, 391], [390, 396]]}, "get_scenario_summary": {"executed_lines": [], "summary": {"covered_lines": 0, "num_statements": 6, "percent_covered": 0.0, "percent_covered_display": "0", "missing_lines": 6, "excluded_lines": 0, "percent_statements_covered": 0.0, "percent_statements_covered_display": "0", "num_branches": 2, "num_partial_branches": 0, "covered_branches": 0, "missing_branches": 2, "percent_branches_covered": 0.0, "percent_branches_covered_display": "0"}, "missing_lines": [414, 415, 417, 418, 420, 422], "excluded_lines": [], "start_line": 404, "executed_branches": [], "missing_branches": [[417, 418], [417, 420]]}, "_build_scenario_response": {"executed_lines": [], "summary": {"covered_lines": 0, "num_statements": 4, "percent_covered": 0.0, "percent_covered_display": "0", "missing_lines": 4, "excluded_lines": 0, "percent_statements_covered": 0.0, "percent_statements_covered_display": "0", "num_branches": 2, "num_partial_branches": 0, "covered_branches": 0, "missing_branches": 2, "percent_branches_covered": 0.0, "percent_branches_covered_display": "0"}, "missing_lines": [443, 444, 445, 447], "excluded_lines": [], "start_line": 438, "executed_branches": [], "missing_branches": [[444, 445], [444, 447]]}, "": {"executed_lines": [3, 4, 6, 7, 9, 10, 11, 12, 13, 14, 15, 26, 29, 30, 33, 34, 92, 93, 162, 163, 188, 189, 227, 228, 254, 255, 296, 297, 319, 320, 350, 351, 373, 374, 403, 404, 438], "summary": {"covered_lines": 37, "num_statements": 37, "percent_covered": 100.0, "percent_covered_display": "100", "missing_lines": 0, "excluded_lines": 0, "percent_statements_covered": 100.0, "percent_statements_covered_display": "100", "num_branches": 0, "num_partial_branches": 0, "covered_branches": 0, "missing_branches": 0, "percent_branches_covered": 100.0, "percent_branches_covered_display": "100"}, "missing_lines": [], "excluded_lines": [], "start_line": 1, "executed_branches": [], "missing_branches": []}}, "classes": {"": {"executed_lines": [3, 4, 6, 7, 9, 10, 11, 12, 13, 14, 15, 26, 29, 30, 33, 34, 92, 93, 162, 163, 188, 189, 227, 228, 254, 255, 296, 297, 319, 320, 350, 351, 373, 374, 403, 404, 438], "summary": {"covered_lines": 37, "num_statements": 154, "percent_covered": 17.78846153846154, "percent_covered_display": "18", "missing_lines": 117, "excluded_lines": 0, "percent_statements_covered": 24.025974025974026, "percent_statements_covered_display": "24", "num_branches": 54, "num_partial_branches": 0, "covered_branches": 0, "missing_branches": 54, "percent_branches_covered": 0.0, "percent_branches_covered_display": "0"}, "missing_lines": [49, 50, 51, 52, 54, 55, 57, 60, 63, 64, 65, 81, 83, 107, 108, 109, 110, 116, 117, 118, 119, 120, 125, 128, 129, 135, 136, 142, 144, 153, 154, 156, 157, 159, 175, 177, 178, 180, 182, 183, 185, 200, 201, 203, 204, 206, 207, 213, 214, 215, 216, 217, 219, 221, 222, 224, 238, 239, 241, 242, 244, 245, 250, 251, 267, 268, 270, 271, 273, 274, 279, 290, 291, 293, 308, 309, 311, 312, 314, 316, 331, 332, 334, 335, 337, 338, 343, 344, 345, 347, 361, 362, 364, 365, 367, 368, 370, 384, 385, 387, 388, 390, 391, 396, 397, 398, 400, 414, 415, 417, 418, 420, 422, 443, 444, 445, 447], "excluded_lines": [], "start_line": 1, "executed_branches": [], "missing_branches": [[51, 52], [51, 54], [64, 65], [64, 83], [109, 110], [109, 116], [116, 117], [116, 125], [119, 120], [119, 125], [128, 129], [128, 142], [135, 136], [135, 156], [177, 178], [177, 180], [182, 183], [182, 185], [203, 204], [203, 206], [206, 207], [206, 213], [214, 215], [214, 221], [215, 216], [215, 221], [216, 217], [216, 219], [241, 242], [241, 244], [244, 245], [244, 250], [270, 271], [270, 273], [273, 274], [273, 279], [311, 312], [311, 314], [334, 335], [334, 337], [337
[...]
overed": 0.0, "percent_statements_covered_display": "0", "num_branches": 4, "num_partial_branches": 0, "covered_branches": 0, "missing_branches": 4, "percent_branches_covered": 0.0, "percent_branches_covered_display": "0"}, "missing_lines": [377, 378, 381, 384, 387, 396, 397, 400, 403, 404, 406, 408], "excluded_lines": [], "start_line": 361, "executed_branches": [], "missing_branches": [[396, 397], [396, 400], [403, 404], [403, 406]]}, "_import_task": {"executed_lines": [], "summary": {"covered_lines": 0, "num_statements": 6, "percent_covered": 0.0, "percent_covered_display": "0", "missing_lines": 6, "excluded_lines": 0, "percent_statements_covered": 0.0, "percent_statements_covered_display": "0", "num_branches": 2, "num_partial_branches": 0, "covered_branches": 0, "missing_branches": 2, "percent_branches_covered": 0.0, "percent_branches_covered_display": "0"}, "missing_lines": [421, 422, 423, 425, 428, 429], "excluded_lines": [], "start_line": 411, "executed_branches": [], "missing_branches": [[422, 423], [422, 425]]}, "_create_wbs_element": {"executed_lines": [], "summary": {"covered_lines": 0, "num_statements": 8, "percent_covered": 0.0, "percent_covered_display": "0", "missing_lines": 8, "excluded_lines": 0, "percent_statements_covered": 0.0, "percent_statements_covered_display": "0", "num_branches": 2, "num_partial_branches": 0, "covered_branches": 0, "missing_branches": 2, "percent_branches_covered": 0.0, "percent_branches_covered_display": "0"}, "missing_lines": [440, 441, 444, 445, 447, 458, 459, 460], "excluded_lines": [], "start_line": 432, "executed_branches": [], "missing_branches": [[440, 441], [440, 444]]}, "_create_activity": {"executed_lines": [], "summary": {"covered_lines": 0, "num_statements": 15, "percent_covered": 0.0, "percent_covered_display": "0", "missing_lines": 15, "excluded_lines": 0, "percent_statements_covered": 0.0, "percent_statements_covered_display": "0", "num_branches": 4, "num_partial_branches": 0, "covered_branches": 0, "missing_branches": 4, "percent_branches_covered": 0.0, "percent_branches_covered_display": "0"}, "missing_lines": [473, 476, 477, 482, 484, 499, 500, 501, 502, 503, 504, 505, 507, 508, 509], "excluded_lines": [], "start_line": 463, "executed_branches": [], "missing_branches": [[499, 500], [499, 507], [502, 503], [502, 507]]}, "_get_or_create_wbs": {"executed_lines": [], "summary": {"covered_lines": 0, "num_statements": 12, "percent_covered": 0.0, "percent_covered_display": "0", "missing_lines": 12, "excluded_lines": 0, "percent_statements_covered": 0.0, "percent_statements_covered_display": "0", "num_branches": 4, "num_partial_branches": 0, "covered_branches": 0, "missing_branches": 4, "percent_branches_covered": 0.0, "percent_branches_covered_display": "0"}, "missing_lines": [521, 522, 523, 526, 527, 528, 529, 532, 541, 542, 543, 544], "excluded_lines": [], "start_line": 512, "executed_branches": [], "missing_branches": [[522, 523], [522, 526], [527, 528], [527, 532]]}, "_create_dependencies": {"executed_lines": [], "summary": {"covered_lines": 0, "num_statements": 16, "percent_covered": 0.0, "percent_covered_display": "0", "missing_lines": 16, "excluded_lines": 0, "percent_statements_covered": 0.0, "percent_statements_covered_display": "0", "num_branches": 8, "num_partial_branches": 0, "covered_branches": 0, "missing_branches": 8, "percent_branches_covered": 0.0, "percent_branches_covered_display": "0"}, "missing_lines": [554, 555, 557, 558, 559, 561, 562, 563, 564, 567, 569, 570, 577, 578, 579, 580], "excluded_lines": [], "start_line": 547, "executed_branches": [], "missing_branches": [[554, 555], [554, 557], [558, 559], [558, 561], [561, -547], [561, 562], [563, 564], [563, 569]]}, "": {"executed_lines": [20, 21, 22, 23, 24, 25, 26, 27, 29, 30, 31, 32, 33, 34, 37, 38, 51, 52, 53, 54, 55, 58, 59, 66, 69, 77, 81, 89, 100, 110, 156, 174, 232, 261, 295, 325, 345, 350, 361, 411, 432, 463, 512, 547], "summary": {"covered_lines": 44, "num_statements": 44, "percent_covered": 100.0, "percent_covered_display": "100", "missing_lines": 0, "excluded_lines": 0, "percent_statements_covered": 100.0, "percent_statements_covered_display": "100", "num_branches": 0, "num_partial_branches": 0, "covered_branches": 0, "missing_branches": 0, "percent_branches_covered": 100.0, "percent_branches_covered_display": "100"}, "missing_lines": [], "excluded_lines": [], "start_line": 1, "executed_branches": [], "missing_branches": []}}, "classes": {"ImportedTask": {"executed_lines": [], "summary": {"covered_lines": 0, "num_statements": 0, "percent_covered": 100.0, "percent_covered_display": "100", "missing_lines": 0, "excluded_lines": 0, "percent_statements_covered": 100.0, "percent_statements_covered_display": "100", "num_branches": 0, "num_partial_branches": 0, "covered_branches": 0, "missing_branches": 0, "percent_branches_covered": 100.0, "percent_branches_covered_display": "100"}, "missing_lines": [], "excluded_lines": [], "start_line": 38, "executed_branches": [], "missing_branches": []}, "ImportedProject": {"executed_lines": [], "summary": {"covered_lines": 0, "num_statements": 0, "percent_covered": 100.0, "percent_covered_display": "100", "missing_lines": 0, "excluded_lines": 0, "percent_statements_covered": 100.0, "percent_statements_covered_display": "100", "num_branches": 0, "num_partial_branches": 0, "covered_branches": 0, "missing_branches": 0, "percent_branches_covered": 100.0, "percent_branches_covered_display": "100"}, "missing_lines": [], "excluded_lines": [], "start_line": 59, "executed_branches": [], "missing_branches": []}, "MSProjectImporter": {"executed_lines": [107, 108, 120, 121, 123, 124, 125, 126, 127, 130, 133, 134, 135, 137, 138, 139, 141, 142, 143, 146, 148, 158, 160, 161, 162, 163, 165, 168, 169, 170, 172, 176, 177, 181, 182, 183, 185, 186, 187, 190, 191, 194, 195, 198, 199, 202, 203, 206, 209, 212, 214, 236, 237, 238, 240, 241, 242, 243, 244, 246, 248, 252, 253, 255, 256, 257, 259, 263, 265, 269, 270, 271, 274, 275, 276, 281, 283, 285, 293, 302, 303, 305, 308, 311, 312, 313, 314, 315, 318, 319, 320, 321, 323, 331, 332, 333, 335, 337, 338, 347, 348, 352, 353, 354, 355, 356], "summary": {"covered_lines": 106, "num_statements": 114, "percent_covered": 92.10526315789474, "percent_covered_display": "92", "missing_lines": 8, "excluded_lines": 0, "percent_statements_covered": 92.98245614035088, "percent_statements_covered_display": "93", "num_branches": 38, "num_partial_branches": 4, "covered_branches": 34, "missing_branches": 4, "percent_branches_covered": 89.47368421052632, "percent_branches_covered_display": "89"}, "missing_lines": [178, 272, 339, 341, 342, 343, 357, 358], "excluded_lines": [], "start_line": 69, "executed_branches": [[120, 121], [120, 123], [137, 138], [137, 141], [141, 142], [141, 146], [161, 162], [161, 165], [165, 168], [165, 172], [169, 165], [169, 170], [177, 181], [182, 183], [182, 185], [237, 238], [237, 240], [241, 242], [241, 246], [246, 248], [246, 259], [252, 253], [252, 255], [269, 270], [269, 293], [271, 274], [302, 303], [302, 305], [311, 312], [318, 319], [331, 332], [331, 333], [353, 354], [353, 355]], "missing_branches": [[177, 178], [271, 272], [311, 318], [318, 323]]}, "": {"executed_lines": [20, 21, 22, 23, 24, 25, 26, 27, 29, 30, 31, 32, 33, 34, 37, 38, 51, 52, 53, 54, 55, 58, 59, 66, 69, 77, 81, 89, 100, 110, 156, 174, 232, 261, 295, 325, 345, 350, 361, 411, 432, 463, 512, 547], "summary": {"covered_lines": 44, "num_statements": 113, "percent_covered": 32.11678832116788, "percent_covered_display": "32", "missing_lines": 69, "excluded_lines": 0, "percent_statements_covered": 38.93805309734513, "percent_statements_covered_display": "39", "num_branches": 24, "num_partial_branches": 0, "covered_branches": 0, "missing_branches": 24, "percent_branches_covered": 0.0, "percent_branches_covered_display": "0"}, "missing_lines": [377, 378, 381, 384, 387, 396, 397, 400, 403, 404, 406, 408, 421, 422, 423, 425, 428, 429, 440, 441, 444, 445, 447, 458, 459, 460, 473, 476, 477, 482, 484, 499, 500, 501, 502, 503, 504, 505, 507, 508, 509, 521, 522, 523, 526, 527, 528, 529, 532, 541, 542, 543, 544, 554, 555, 557, 558, 559, 561, 562, 563, 564, 567, 569, 570, 577, 578, 579, 580], "excluded_lines": [], "start_line": 1, "executed_branches": [], "missing_branches": [[396, 397], [396, 400], [403, 404], [403, 406], [422, 423], [422, 425], [440, 441], [440, 444], [499, 500], [499, 507], [502, 503], [502, 507], [522, 523], [522, 526], [527, 528], [527, 532], [554, 555], [554, 557], [558, 559], [558, 561], [561, -547], [561, 562], [563, 564], [563, 569]]}}}, "src\\services\\report_generator.py": {"executed_lines": [3, 4, 5, 6, 8, 9, 10, 11, 17, 18, 38, 39, 75, 78, 86, 87, 88, 89, 92, 95, 97, 99, 101, 102, 103, 105, 106, 108, 109, 111, 129, 133, 134, 135, 136, 137, 138, 139, 140, 142, 146, 147, 148, 149, 150, 152, 154, 159, 160, 161, 162, 163, 164, 166, 169, 172, 174, 199, 203, 205, 206, 210, 211, 212, 213, 220, 221, 229, 231, 234, 235, 236, 237, 239, 285, 287, 376, 377, 378, 379, 381, 383, 384, 385, 386, 388, 406, 407, 408, 409, 410, 411, 413, 434, 447, 451], "summary": {"covered_lines": 96, "num_statements": 103, "percent_covered": 90.55118110236221, "percent_covered_display": "91", "missing_lines": 7, "excluded_lines": 2, "percent_statements_covered": 93.20388349514563, "percent_statements_covered_display": "93", "num_branches": 24, "num_partial_branches": 3, "covered_branches": 19, "missing_branches": 5, "percent_branches_covered": 79.16666666666667, "percent_branches_covered_display": "79"}, "missing_lines": [207, 222, 223, 435, 440, 441, 442], "excluded_lines": [13, 14], "executed_branches": [[101, 102], [101, 105], [133, 134], [133, 135], [136, 137], [136, 138], [146, 147], [146, 148], [205, 206], [205, 229], [206, 210], [211, 212], [211, 220], [221, 205], [235, 236], [235, 237], [376, 377], [376, 406], [434, 447]], "missing_branches": [[206, 207], [221, 222], [434, 435], [440, 441], [440, 442]], "functions": {"ReportGenerator.__init__": {"executed_lines": [86, 87, 88, 89, 92, 95], "summary": {"covered_lines": 6, "num_statements": 6, "percent_covered": 100.0, "percent_covered_display": "100", "missing_lines": 0, "excluded_lines": 0, "percent_statements_covered": 100.0, "percent_statements_covered_display": "100", "num_branches": 0, "num_partial_branches": 0, "covered_branches": 0, "missing_branches": 0, "percent_branches_covered": 100.0, "percent_branches_covered_display": "100"}, "missing_lines": [], "excluded_lines": [], "start_line": 78, "executed_branches": [], "missing_branches": []}, "ReportGenerator._build_wbs_row": {"executed_lines": [99, 101, 102, 103, 105, 106, 108, 109, 111], "summary": {"covered_lines": 9, "num_statements": 9, "percent_covered": 100.0, "percent_covered_display": "100", "missing_lines": 0, "excluded_lines": 0, "percent_statements_covered": 100.0, "percent_statements_covered_display": "100", "num_branches": 2, "num_partial_branches": 0, "covered_branches": 2, "missing_branches": 0, "percent_branches_covered": 100.0, "percent_branches_covered_display": "100"}, "missing_lines": [], "excluded_lines": [], "start_line": 97, "executed_branches": [[101, 102], [101, 105]], "missing_branches": []}, "ReportGenerator._calculate_projections": {"executed_lines": [133, 134, 135, 136, 137, 138, 139, 140], "summary": {"covered_lines": 8, "num_statements": 8, "percent_covered": 100.0, "percent_covered_display": "100", "missing_lines": 0, "excluded_lines": 0, "percent_statements_covered": 100.0, "percent_statements_covered_display": "100", "num_branches": 4, "num_partial_branches": 0, "covered_branches": 4, "missing_branches": 0, "percent_branches_covered": 100.0, "percent_branches_covered_display": "100"}, "missing_lines": [], "excluded_lines": [], "start_line": 129, "executed_branches": [[133, 134], [133, 135], [136, 137], [136, 138]], "missing_branches": []}, "ReportGenerator._calculate_percent_metrics": {"executed_lines": [146, 147, 148, 149, 150], "summary": {"covered_lines": 5, "num_statements": 5, "percent_covered": 100.0, "percent_covered_display": "100", "missing_lines": 0, "excluded_lines": 0, "percent_statements_covered": 100.0, "percent_statements_covered_display": "100", "num_branches": 2, "num_partial_branches": 0, "covered_branches": 2, "missing_branches": 0, "percent_branches_covered": 100.0, "percent_branches_covered_display": "100"}, "missing_lines": [], "excluded_lines": [], "start_line": 142, "executed_branches": [[146, 147], [146, 148]], "missing_branches": []}, "ReportGenerator.generate_cpr_format1": {"executed_lines": [154, 159, 160, 161, 162, 163, 164, 166, 169, 172, 174], "summary": {"covered_lines": 11, "num_statements": 11, "percent_covered": 100.0, "percent_covered_display": "100", "missing_lines": 0, "excluded_lines": 0, "percent_statements_covered": 100.0, "percent_statements_covered_display": "100", "num_branches": 0, "num_partial_branches": 0, "covered_branches": 0, "missing_branches": 0, "percent_branches_covered": 100.0, "percent_branches_covered_display": "100"}, "missing_lines": [], "excluded_lines": [], "start_line": 152, "executed_branches": [], "missing_branches": []}, "ReportGenerator._generate_variance_notes": {"executed_lines": [203, 205, 206, 210, 211, 212, 213, 220, 221, 229], "summary": {"covered_lines": 10, "num_statements": 13, "percent_covered": 76.19047619047619, "percent_covered_display": "76", "missing_lines": 3, "excluded_lines": 0, "percent_statements_covered": 76.92307692307692, "percent_statements_covered_display": "77", "num_branches": 8, "num_partial_branches": 2, "covered_branches": 6, "missing_branches": 2, "percent_branches_covered": 75.0, "percent_branches_covered_display": "75"}, "missing_lines": [207, 222, 223], "excluded_lines": [], "start_line": 199, "executed_branches": [[205, 206], [205, 229], [206, 210], [211, 212], [211, 220], [221, 205]], "missing_branches": [[206, 207], [221, 222]]}, "ReportGenerator.to_dict": {"executed_lines": [234, 239], "summary": {"covered_lines": 2, "num_statements": 2, "percent_covered": 100.0, "percent_covered_display": "100", "missing_lines": 0, "excluded_lines": 0, "percent_statements_covered": 100.0, "percent_statements_covered_display": "100", "num_branches": 0, "num_partial_branches": 0, "covered_branches": 0, "missing_branches": 0, "percent_branches_covered": 100.0, "percent_branches_covered_display": "100"}, "missing_lines": [], "excluded_lines": [], "start_line": 231, "executed_branches": [], "missing_branches": []}, "ReportGenerator.to_dict.decimal_to_str": {"executed_lines": [235, 236, 237], "summary": {"covered_lines": 3, "num_statements": 3, "percent_covered": 100.0, "percent_covered_display": "100", "missing_lines": 0, "excluded_lines": 0, "percent_statements_covered": 100.0, "percent_statements_covered_display": "100", "num_branches": 2, "num_partial_branches": 0, "covered_branches": 2, "missing_branches": 0, "percent_branches_covered": 100.0, "percent_branches_covered_display": "100"}, "missing_lines": [], "excluded_lines": [], "start_line": 234, "executed_branches": [[235, 236], [235, 237]], "missing_branches": []}, "ReportGenerator.to_html": {"executed_lines": [287, 376, 377, 378, 379, 381, 383, 384, 385, 386, 388, 406, 407, 408, 409, 410, 411, 413, 434, 447, 451], "summary": {"covered_lines": 21, "num_statements": 25, "percent_covered": 77.41935483870968, "percent_covered_display": "77", "missing_lines": 4, "excluded_lines": 0, "percent_statements_covered": 84.0, "percent_statements_covered_display": "84", "num_branches": 6, "num_partial_branches": 1, "covered_branches": 3, "missing_branches": 3, "percent_branches_covered": 50.0, "percent_branches_covered_display": "50"}, "missing_lines": [435, 440, 441, 442], "excluded_lines": [], "start_line": 285, "executed_branches": [[376, 377], [376, 406], [434, 447]], "missing_branches": [[434, 435], [440, 441], [440, 442]]}, "": {"executed_lines": [3, 4, 5, 6, 8, 9, 10, 11, 17, 18, 38, 39, 75, 78, 97, 129, 142, 152, 199, 231, 285], "summary": {"covered_lines": 21, "num_statements": 21, "percent_covered": 100.0, "percent_covered_display": "100", "missing_lines": 0, "excluded_lines": 2, "percent_statements_covered": 100.0, "percent_statements_covered_display": "100", "num_branches": 0, "num_partial_branches": 0, "covered_branches": 0, "missing_branches": 0, "percent_branches_covered": 100.0, "percent_branches_covered_display": "100"}, "missing_lines": [], "excluded_lines": [13, 14], "start_line": 1, "executed_branches": [], "missing_branches": []}}, "classes": {"WBSSummaryRow": {"executed_lines": [], "summary": {"covered_lines": 0, "num_statements": 0, "percent_covered": 100.0, "percent_covered_display": "100", "missing_lines": 0, "excluded_lines": 0, "percent_statements_covered": 100.0, "percent_statements_covered_display": "100", "num_branches": 0, "num_partial_branches": 0, "covered_branches": 0, "missing_branches": 0, "percent_branches_covered": 100.0, "percent_branches_covered_display": "100"}, "missing_lines": [], "excluded_lines": [], "start_line": 18, "executed_branches": [], "missing_branches": []}, "CPRFormat1Report": {"executed_lines": [], "summary": {"covered_lines": 0, "num_statements": 0, "percent_covered": 100.0, "percent_covered_display": "100", "missing_lines": 0, "excluded_lines": 0, "percent_statements_covered": 100.0, "percent_statements_covered_display": "100", "num_branches": 0, "num_partial_branches": 0, "covered_branches": 0, "missing_branches": 0, "percent_branches_covered": 100.0, "percent_branches_covered_display": "100"}, "missing_lines": [], "excluded_lines": [], "start_line": 39, "executed_branches": [], "missing_branches": []}, "ReportGenerator": {"executed_lines": [86, 87, 88, 89, 92, 95, 99, 101, 102, 103, 105, 106, 108, 109, 111, 133, 134, 135, 136, 137, 138, 139, 140, 146, 147, 148, 149, 150, 154, 159, 160, 161, 162, 163, 164, 166, 169, 172, 174, 203, 205, 206, 210, 211, 212, 213, 220, 221, 229, 234, 235, 236, 237, 239, 287, 376, 377, 378, 379, 381, 383, 384, 385, 386, 388, 406, 407, 408, 409, 410, 411, 413, 434, 447, 451], "summary": {"covered_lines": 75, "num_statements": 82, "percent_covered": 88.67924528301887, "percent_covered_display": "89", "missing_lines": 7, "excluded_lines": 0, "percent_statements_covered": 91.46341463414635, "percent_statements_covered_display": "91", "num_branches": 24, "num_partial_branches": 3, "covered_branches": 19, "missing_branches": 5, "percent_branches_covered": 79.16666666666667, "percent_branches_covered_display": "79"}, "missing_lines": [207, 222, 223, 435, 440, 441, 442], "excluded_lines": [], "start_line": 75, "executed_branches": [[101, 102], [101, 105], [133, 134], [133, 135], [136, 137], [136, 138], [146, 147], [146, 148], [205, 206], [205, 229], [206, 210], [211, 212], [211, 220], [221, 205], [235, 236], [235, 237], [376, 377], [376, 406], [434, 447]], "missing_branches": [[206, 207], [221, 222], [434, 435], [440, 441], [440, 442]]}, "": {"executed_lines": [3, 4, 5, 6, 8, 9, 10, 11, 17, 18, 38, 39, 75, 78, 97, 129, 142, 152, 199, 231, 285], "summary": {"covered_lines": 21, "num_statements": 21, "percent_covered": 100.0, "percent_covered_display": "100", "missing_lines": 0, "excluded_lines": 2, "percent_statements_covered": 100.0, "percent_statements_covered_display": "100", "num_branches": 0, "num_partial_branches": 0, "covered_branches": 0, "missing_branches": 0, "percent_branches_covered": 100.0, "percent_branches_covered_display": "100"}, "missing_lines": [], "excluded_lines": [13, 14], "start_line": 1, "executed_branches": [], "missing_branches": []}}}}, "totals": {"covered_lines": 4080, "num_statements": 4952, "percent_covered": 78.35120643431635, "percent_covered_display": "78", "missing_lines": 872, "excluded_lines": 103, "percent_statements_covered": 82.39095315024232, "percent_statements_covered_display": "82", "num_branches": 1016, "num_partial_branches": 136, "covered_branches": 596, "missing_branches": 420, "percent_branches_covered": 58.661417322834644, "percent_branches_covered_display": "59"}}